[18/04/13 11:41:19,643] --> HumanDao - 检查实体
[18/04/13 11:41:19,646] --> HumanItemDao - 检查实体
[18/04/13 11:41:19,646] --> HumanTexasDao - 检查实体
[18/04/13 11:41:19,646] --> HumanMonthCardDao - 检查实体
[18/04/13 11:41:19,647] --> HumanWeekCardDao - 检查实体
[18/04/13 11:41:19,647] --> MailDao - 检查实体
[18/04/13 11:41:19,647] --> NewbieDao - 检查实体
[18/04/13 11:41:19,648] --> HumanFriendDao - 检查实体
[18/04/13 11:41:19,648] --> HumanFriendRequestDao - 检查实体
[18/04/13 11:41:19,648] --> HumanWeekSignInDao - 检查实体
[18/04/13 11:41:19,648] --> DbVersionDao - 检查实体
[18/04/13 11:41:19,649] --> NoticeDao - 检查实体
[18/04/13 11:41:19,649] --> HumanMiscDao - 检查实体
[18/04/13 11:41:19,649] --> HumanVipDao - 检查实体
[18/04/13 11:41:19,649] --> HumanVipNewDao - 检查实体
[18/04/13 11:41:19,649] --> HumanRechargeOrderDao - 检查实体
[18/04/13 11:41:19,650] --> HumanTaskDao - 检查实体
[18/04/13 11:41:19,652] --> HumanActivityDao - 检查实体
[18/04/13 11:41:19,653] --> ActivityDao - 检查实体
[18/04/13 11:41:19,653] --> CommonActivityDao - 检查实体
[18/04/13 11:41:19,653] --> FunctionDao - 检查实体
[18/04/13 11:41:19,653] --> CompensationDao - 检查实体
[18/04/13 11:41:19,653] --> HumanCompensationDao - 检查实体
[18/04/13 11:41:19,653] --> HumanTexasSNGDao - 检查实体
[18/04/13 11:41:19,654] --> HumanRefundDao - 检查实体
[18/04/13 11:41:19,654] --> HumanFriendGiftDao - 检查实体
[18/04/13 11:41:19,654] --> RobotComplementDao - 检查实体
[18/04/13 11:41:19,654] --> HumanBaccartDao - 检查实体
[18/04/13 11:41:19,655] --> BaccartRoomModelDao - 检查实体
[18/04/13 11:41:19,655] --> DeviceDao - 检查实体
[18/04/13 11:41:19,655] --> HumanLuckySpinDao - 检查实体
[18/04/13 11:41:19,656] --> HumanLuckyMatchDao - 检查实体
[18/04/13 11:41:19,656] --> SlotDao - 检查实体
[18/04/13 11:41:19,656] --> HumanSlotDao - 检查实体
[18/04/13 11:41:19,656] --> TextasDao - 检查实体
[18/04/13 11:41:19,656] --> RankDao - 检查实体
[18/04/13 11:41:19,656] --> HumanGiftDao - 检查实体
[18/04/13 11:41:19,657] --> HumanAchievementDao - 检查实体
[18/04/13 11:41:19,659] --> ConversioncodeDao - 检查实体
[18/04/13 11:41:19,660] --> RobotStatisDataDao - 检查实体
[18/04/13 11:41:19,690] --> HumanCollectDao - 检查实体
[18/04/13 11:41:19,691] --> HumanTreasuryDao - 检查实体
[18/04/13 11:41:19,691] --> HumanMonthWeekDao - 检查实体
[18/04/13 11:41:19,691] --> ClubDao - 检查实体
[18/04/13 11:41:19,691] --> ClubMemberListDao - 检查实体
[18/04/13 11:41:19,691] --> ClubNoteDao - 检查实体
[18/04/13 11:41:19,692] --> ClubInvateDao - 检查实体
[18/04/13 11:41:19,692] --> ClubApplyDao - 检查实体
[18/04/13 11:41:19,692] --> ClubSeasonDao - 检查实体
[18/04/13 11:41:19,693] --> ClubInvatePlayerDao - 检查实体
[18/04/13 11:41:19,693] --> HumanAttackBossDao - 检查实体
[18/04/13 11:41:19,693] --> BossDao - 检查实体
[18/04/13 11:41:19,701] --> HumanGivealikeDao - 检查实体
[18/04/13 11:41:19,702] --> ClubInviteDao - 检查实体
[18/04/13 11:41:19,702] --> HumanPayguideDao - 检查实体
[18/04/13 11:41:19,703] --> HumanNewComerDao - 检查实体
[18/04/13 11:41:19,703] --> ClubGiftRecordtDao - 检查实体
[18/04/13 11:41:19,703] --> BazooAgentDao - 检查实体
[18/04/13 11:41:19,703] --> UserInfoDao - 检查实体
[18/04/13 11:44:12,598] --> HumanDao - 检查实体
[18/04/13 11:44:12,599] --> HumanItemDao - 检查实体
[18/04/13 11:44:12,599] --> HumanTexasDao - 检查实体
[18/04/13 11:44:12,599] --> HumanMonthCardDao - 检查实体
[18/04/13 11:44:12,599] --> HumanWeekCardDao - 检查实体
[18/04/13 11:44:12,599] --> MailDao - 检查实体
[18/04/13 11:44:12,599] --> NewbieDao - 检查实体
[18/04/13 11:44:12,599] --> HumanFriendDao - 检查实体
[18/04/13 11:44:12,600] --> HumanFriendRequestDao - 检查实体
[18/04/13 11:44:12,600] --> HumanWeekSignInDao - 检查实体
[18/04/13 11:44:12,600] --> DbVersionDao - 检查实体
[18/04/13 11:44:12,600] --> NoticeDao - 检查实体
[18/04/13 11:44:12,600] --> HumanMiscDao - 检查实体
[18/04/13 11:44:12,601] --> HumanVipDao - 检查实体
[18/04/13 11:44:12,601] --> HumanVipNewDao - 检查实体
[18/04/13 11:44:12,601] --> HumanRechargeOrderDao - 检查实体
[18/04/13 11:44:12,601] --> HumanTaskDao - 检查实体
[18/04/13 11:44:12,601] --> HumanActivityDao - 检查实体
[18/04/13 11:44:12,601] --> ActivityDao - 检查实体
[18/04/13 11:44:12,601] --> CommonActivityDao - 检查实体
[18/04/13 11:44:12,602] --> FunctionDao - 检查实体
[18/04/13 11:44:12,602] --> CompensationDao - 检查实体
[18/04/13 11:44:12,602] --> HumanCompensationDao - 检查实体
[18/04/13 11:44:12,602] --> HumanTexasSNGDao - 检查实体
[18/04/13 11:44:12,602] --> HumanRefundDao - 检查实体
[18/04/13 11:44:12,602] --> HumanFriendGiftDao - 检查实体
[18/04/13 11:44:12,602] --> RobotComplementDao - 检查实体
[18/04/13 11:44:12,603] --> HumanBaccartDao - 检查实体
[18/04/13 11:44:12,603] --> BaccartRoomModelDao - 检查实体
[18/04/13 11:44:12,603] --> DeviceDao - 检查实体
[18/04/13 11:44:12,603] --> HumanLuckySpinDao - 检查实体
[18/04/13 11:44:12,603] --> HumanLuckyMatchDao - 检查实体
[18/04/13 11:44:12,603] --> SlotDao - 检查实体
[18/04/13 11:44:12,603] --> HumanSlotDao - 检查实体
[18/04/13 11:44:12,604] --> TextasDao - 检查实体
[18/04/13 11:44:12,604] --> RankDao - 检查实体
[18/04/13 11:44:12,604] --> HumanGiftDao - 检查实体
[18/04/13 11:44:12,604] --> HumanAchievementDao - 检查实体
[18/04/13 11:44:12,604] --> ConversioncodeDao - 检查实体
[18/04/13 11:44:12,604] --> RobotStatisDataDao - 检查实体
[18/04/13 11:44:12,605] --> HumanCollectDao - 检查实体
[18/04/13 11:44:12,605] --> HumanTreasuryDao - 检查实体
[18/04/13 11:44:12,605] --> HumanMonthWeekDao - 检查实体
[18/04/13 11:44:12,605] --> ClubDao - 检查实体
[18/04/13 11:44:12,606] --> ClubMemberListDao - 检查实体
[18/04/13 11:44:12,606] --> ClubNoteDao - 检查实体
[18/04/13 11:44:12,606] --> ClubInvateDao - 检查实体
[18/04/13 11:44:12,606] --> ClubApplyDao - 检查实体
[18/04/13 11:44:12,606] --> ClubSeasonDao - 检查实体
[18/04/13 11:44:12,606] --> ClubInvatePlayerDao - 检查实体
[18/04/13 11:44:12,606] --> HumanAttackBossDao - 检查实体
[18/04/13 11:44:12,606] --> BossDao - 检查实体
[18/04/13 11:44:12,606] --> HumanGivealikeDao - 检查实体
[18/04/13 11:44:12,606] --> ClubInviteDao - 检查实体
[18/04/13 11:44:12,606] --> HumanPayguideDao - 检查实体
[18/04/13 11:44:12,607] --> HumanNewComerDao - 检查实体
[18/04/13 11:44:12,607] --> ClubGiftRecordtDao - 检查实体
[18/04/13 11:44:12,607] --> BazooAgentDao - 检查实体
[18/04/13 11:44:12,610] --> UserInfoDao - 检查实体
[18/04/13 11:47:05,780] --> HumanDao - 检查实体
[18/04/13 11:47:05,780] --> HumanItemDao - 检查实体
[18/04/13 11:47:05,780] --> HumanTexasDao - 检查实体
[18/04/13 11:47:05,780] --> HumanMonthCardDao - 检查实体
[18/04/13 11:47:05,780] --> HumanWeekCardDao - 检查实体
[18/04/13 11:47:05,780] --> MailDao - 检查实体
[18/04/13 11:47:05,781] --> NewbieDao - 检查实体
[18/04/13 11:47:05,781] --> HumanFriendDao - 检查实体
[18/04/13 11:47:05,781] --> HumanFriendRequestDao - 检查实体
[18/04/13 11:47:05,781] --> HumanWeekSignInDao - 检查实体
[18/04/13 11:47:05,781] --> DbVersionDao - 检查实体
[18/04/13 11:47:05,782] --> NoticeDao - 检查实体
[18/04/13 11:47:05,782] --> HumanMiscDao - 检查实体
[18/04/13 11:47:05,785] --> HumanVipDao - 检查实体
[18/04/13 11:47:05,785] --> HumanVipNewDao - 检查实体
[18/04/13 11:47:05,785] --> HumanRechargeOrderDao - 检查实体
[18/04/13 11:47:05,785] --> HumanTaskDao - 检查实体
[18/04/13 11:47:05,785] --> HumanActivityDao - 检查实体
[18/04/13 11:47:05,785] --> ActivityDao - 检查实体
[18/04/13 11:47:05,786] --> CommonActivityDao - 检查实体
[18/04/13 11:47:05,786] --> FunctionDao - 检查实体
[18/04/13 11:47:05,786] --> CompensationDao - 检查实体
[18/04/13 11:47:05,786] --> HumanCompensationDao - 检查实体
[18/04/13 11:47:05,786] --> HumanTexasSNGDao - 检查实体
[18/04/13 11:47:05,786] --> HumanRefundDao - 检查实体
[18/04/13 11:47:05,787] --> HumanFriendGiftDao - 检查实体
[18/04/13 11:47:05,787] --> RobotComplementDao - 检查实体
[18/04/13 11:47:05,787] --> HumanBaccartDao - 检查实体
[18/04/13 11:47:05,787] --> BaccartRoomModelDao - 检查实体
[18/04/13 11:47:05,787] --> DeviceDao - 检查实体
[18/04/13 11:47:05,787] --> HumanLuckySpinDao - 检查实体
[18/04/13 11:47:05,787] --> HumanLuckyMatchDao - 检查实体
[18/04/13 11:47:05,788] --> SlotDao - 检查实体
[18/04/13 11:47:05,788] --> HumanSlotDao - 检查实体
[18/04/13 11:47:05,788] --> TextasDao - 检查实体
[18/04/13 11:47:05,788] --> RankDao - 检查实体
[18/04/13 11:47:05,788] --> HumanGiftDao - 检查实体
[18/04/13 11:47:05,789] --> HumanAchievementDao - 检查实体
[18/04/13 11:47:05,789] --> ConversioncodeDao - 检查实体
[18/04/13 11:47:05,789] --> RobotStatisDataDao - 检查实体
[18/04/13 11:47:05,789] --> HumanCollectDao - 检查实体
[18/04/13 11:47:05,789] --> HumanTreasuryDao - 检查实体
[18/04/13 11:47:05,790] --> HumanMonthWeekDao - 检查实体
[18/04/13 11:47:05,790] --> ClubDao - 检查实体
[18/04/13 11:47:05,790] --> ClubMemberListDao - 检查实体
[18/04/13 11:47:05,791] --> ClubNoteDao - 检查实体
[18/04/13 11:47:05,791] --> ClubInvateDao - 检查实体
[18/04/13 11:47:05,792] --> ClubApplyDao - 检查实体
[18/04/13 11:47:05,792] --> ClubSeasonDao - 检查实体
[18/04/13 11:47:05,792] --> ClubInvatePlayerDao - 检查实体
[18/04/13 11:47:05,795] --> HumanAttackBossDao - 检查实体
[18/04/13 11:47:05,795] --> BossDao - 检查实体
[18/04/13 11:47:05,796] --> HumanGivealikeDao - 检查实体
[18/04/13 11:47:05,796] --> ClubInviteDao - 检查实体
[18/04/13 11:47:05,797] --> HumanPayguideDao - 检查实体
[18/04/13 11:47:05,797] --> HumanNewComerDao - 检查实体
[18/04/13 11:47:05,797] --> ClubGiftRecordtDao - 检查实体
[18/04/13 11:47:05,797] --> BazooAgentDao - 检查实体
[18/04/13 11:47:05,797] --> UserInfoDao - 检查实体
[18/04/13 11:55:16,818] --> HumanDao - 检查实体
[18/04/13 11:55:16,818] --> HumanItemDao - 检查实体
[18/04/13 11:55:16,818] --> HumanTexasDao - 检查实体
[18/04/13 11:55:16,818] --> HumanMonthCardDao - 检查实体
[18/04/13 11:55:16,819] --> HumanWeekCardDao - 检查实体
[18/04/13 11:55:16,819] --> MailDao - 检查实体
[18/04/13 11:55:16,819] --> NewbieDao - 检查实体
[18/04/13 11:55:16,819] --> HumanFriendDao - 检查实体
[18/04/13 11:55:16,819] --> HumanFriendRequestDao - 检查实体
[18/04/13 11:55:16,819] --> HumanWeekSignInDao - 检查实体
[18/04/13 11:55:16,820] --> DbVersionDao - 检查实体
[18/04/13 11:55:16,820] --> NoticeDao - 检查实体
[18/04/13 11:55:16,820] --> HumanMiscDao - 检查实体
[18/04/13 11:55:16,820] --> HumanVipDao - 检查实体
[18/04/13 11:55:16,820] --> HumanVipNewDao - 检查实体
[18/04/13 11:55:16,820] --> HumanRechargeOrderDao - 检查实体
[18/04/13 11:55:16,820] --> HumanTaskDao - 检查实体
[18/04/13 11:55:16,820] --> HumanActivityDao - 检查实体
[18/04/13 11:55:16,821] --> ActivityDao - 检查实体
[18/04/13 11:55:16,821] --> CommonActivityDao - 检查实体
[18/04/13 11:55:16,821] --> FunctionDao - 检查实体
[18/04/13 11:55:16,822] --> CompensationDao - 检查实体
[18/04/13 11:55:16,822] --> HumanCompensationDao - 检查实体
[18/04/13 11:55:16,822] --> HumanTexasSNGDao - 检查实体
[18/04/13 11:55:16,822] --> HumanRefundDao - 检查实体
[18/04/13 11:55:16,822] --> HumanFriendGiftDao - 检查实体
[18/04/13 11:55:16,822] --> RobotComplementDao - 检查实体
[18/04/13 11:55:16,822] --> HumanBaccartDao - 检查实体
[18/04/13 11:55:16,823] --> BaccartRoomModelDao - 检查实体
[18/04/13 11:55:16,823] --> DeviceDao - 检查实体
[18/04/13 11:55:16,823] --> HumanLuckySpinDao - 检查实体
[18/04/13 11:55:16,823] --> HumanLuckyMatchDao - 检查实体
[18/04/13 11:55:16,823] --> SlotDao - 检查实体
[18/04/13 11:55:16,823] --> HumanSlotDao - 检查实体
[18/04/13 11:55:16,824] --> TextasDao - 检查实体
[18/04/13 11:55:16,824] --> RankDao - 检查实体
[18/04/13 11:55:16,824] --> HumanGiftDao - 检查实体
[18/04/13 11:55:16,824] --> HumanAchievementDao - 检查实体
[18/04/13 11:55:16,824] --> ConversioncodeDao - 检查实体
[18/04/13 11:55:16,824] --> RobotStatisDataDao - 检查实体
[18/04/13 11:55:16,824] --> HumanCollectDao - 检查实体
[18/04/13 11:55:16,826] --> HumanTreasuryDao - 检查实体
[18/04/13 11:55:16,827] --> HumanMonthWeekDao - 检查实体
[18/04/13 11:55:16,827] --> ClubDao - 检查实体
[18/04/13 11:55:16,827] --> ClubMemberListDao - 检查实体
[18/04/13 11:55:16,827] --> ClubNoteDao - 检查实体
[18/04/13 11:55:16,827] --> ClubInvateDao - 检查实体
[18/04/13 11:55:16,827] --> ClubApplyDao - 检查实体
[18/04/13 11:55:16,827] --> ClubSeasonDao - 检查实体
[18/04/13 11:55:16,828] --> ClubInvatePlayerDao - 检查实体
[18/04/13 11:55:16,828] --> HumanAttackBossDao - 检查实体
[18/04/13 11:55:16,828] --> BossDao - 检查实体
[18/04/13 11:55:16,828] --> HumanGivealikeDao - 检查实体
[18/04/13 11:55:16,828] --> ClubInviteDao - 检查实体
[18/04/13 11:55:16,828] --> HumanPayguideDao - 检查实体
[18/04/13 11:55:16,829] --> HumanNewComerDao - 检查实体
[18/04/13 11:55:16,829] --> ClubGiftRecordtDao - 检查实体
[18/04/13 11:55:16,829] --> BazooAgentDao - 检查实体
[18/04/13 11:55:16,829] --> UserInfoDao - 检查实体
[18/04/13 17:02:43,800] --> HumanDao - 检查实体
[18/04/13 17:02:43,801] --> HumanItemDao - 检查实体
[18/04/13 17:02:43,802] --> HumanTexasDao - 检查实体
[18/04/13 17:02:43,802] --> HumanMonthCardDao - 检查实体
[18/04/13 17:02:43,802] --> HumanWeekCardDao - 检查实体
[18/04/13 17:02:43,802] --> MailDao - 检查实体
[18/04/13 17:02:43,803] --> NewbieDao - 检查实体
[18/04/13 17:02:43,803] --> HumanFriendDao - 检查实体
[18/04/13 17:02:43,804] --> HumanFriendRequestDao - 检查实体
[18/04/13 17:02:43,804] --> HumanWeekSignInDao - 检查实体
[18/04/13 17:02:43,804] --> DbVersionDao - 检查实体
[18/04/13 17:02:43,804] --> NoticeDao - 检查实体
[18/04/13 17:02:43,804] --> HumanMiscDao - 检查实体
[18/04/13 17:02:43,805] --> HumanVipDao - 检查实体
[18/04/13 17:02:43,805] --> HumanVipNewDao - 检查实体
[18/04/13 17:02:43,805] --> HumanRechargeOrderDao - 检查实体
[18/04/13 17:02:43,805] --> HumanTaskDao - 检查实体
[18/04/13 17:02:43,806] --> HumanActivityDao - 检查实体
[18/04/13 17:02:43,806] --> ActivityDao - 检查实体
[18/04/13 17:02:43,806] --> CommonActivityDao - 检查实体
[18/04/13 17:02:43,806] --> FunctionDao - 检查实体
[18/04/13 17:02:43,806] --> CompensationDao - 检查实体
[18/04/13 17:02:43,806] --> HumanCompensationDao - 检查实体
[18/04/13 17:02:43,806] --> HumanTexasSNGDao - 检查实体
[18/04/13 17:02:43,807] --> HumanRefundDao - 检查实体
[18/04/13 17:02:43,807] --> HumanFriendGiftDao - 检查实体
[18/04/13 17:02:43,807] --> RobotComplementDao - 检查实体
[18/04/13 17:02:43,807] --> HumanBaccartDao - 检查实体
[18/04/13 17:02:43,807] --> BaccartRoomModelDao - 检查实体
[18/04/13 17:02:43,807] --> DeviceDao - 检查实体
[18/04/13 17:02:43,807] --> HumanLuckySpinDao - 检查实体
[18/04/13 17:02:43,808] --> HumanLuckyMatchDao - 检查实体
[18/04/13 17:02:43,808] --> SlotDao - 检查实体
[18/04/13 17:02:43,808] --> HumanSlotDao - 检查实体
[18/04/13 17:02:43,808] --> TextasDao - 检查实体
[18/04/13 17:02:43,810] --> RankDao - 检查实体
[18/04/13 17:02:43,811] --> HumanGiftDao - 检查实体
[18/04/13 17:02:43,811] --> HumanAchievementDao - 检查实体
[18/04/13 17:02:43,811] --> ConversioncodeDao - 检查实体
[18/04/13 17:02:43,811] --> RobotStatisDataDao - 检查实体
[18/04/13 17:02:43,811] --> HumanCollectDao - 检查实体
[18/04/13 17:02:43,812] --> HumanTreasuryDao - 检查实体
[18/04/13 17:02:43,812] --> HumanMonthWeekDao - 检查实体
[18/04/13 17:02:43,812] --> ClubDao - 检查实体
[18/04/13 17:02:43,813] --> ClubMemberListDao - 检查实体
[18/04/13 17:02:43,813] --> ClubNoteDao - 检查实体
[18/04/13 17:02:43,813] --> ClubInvateDao - 检查实体
[18/04/13 17:02:43,813] --> ClubApplyDao - 检查实体
[18/04/13 17:02:43,813] --> ClubSeasonDao - 检查实体
[18/04/13 17:02:43,814] --> ClubInvatePlayerDao - 检查实体
[18/04/13 17:02:43,814] --> HumanAttackBossDao - 检查实体
[18/04/13 17:02:43,814] --> BossDao - 检查实体
[18/04/13 17:02:43,814] --> HumanGivealikeDao - 检查实体
[18/04/13 17:02:43,814] --> ClubInviteDao - 检查实体
[18/04/13 17:02:43,815] --> HumanPayguideDao - 检查实体
[18/04/13 17:02:43,815] --> HumanNewComerDao - 检查实体
[18/04/13 17:02:43,815] --> ClubGiftRecordtDao - 检查实体
[18/04/13 17:02:43,815] --> BazooAgentDao - 检查实体
[18/04/13 17:02:43,815] --> UserInfoDao - 检查实体
[18/04/13 17:04:14,645] --> HumanDao - 检查实体
[18/04/13 17:04:14,645] --> HumanItemDao - 检查实体
[18/04/13 17:04:14,645] --> HumanTexasDao - 检查实体
[18/04/13 17:04:14,646] --> HumanMonthCardDao - 检查实体
[18/04/13 17:04:14,646] --> HumanWeekCardDao - 检查实体
[18/04/13 17:04:14,646] --> MailDao - 检查实体
[18/04/13 17:04:14,646] --> NewbieDao - 检查实体
[18/04/13 17:04:14,646] --> HumanFriendDao - 检查实体
[18/04/13 17:04:14,647] --> HumanFriendRequestDao - 检查实体
[18/04/13 17:04:14,647] --> HumanWeekSignInDao - 检查实体
[18/04/13 17:04:14,647] --> DbVersionDao - 检查实体
[18/04/13 17:04:14,647] --> NoticeDao - 检查实体
[18/04/13 17:04:14,647] --> HumanMiscDao - 检查实体
[18/04/13 17:04:14,648] --> HumanVipDao - 检查实体
[18/04/13 17:04:14,648] --> HumanVipNewDao - 检查实体
[18/04/13 17:04:14,648] --> HumanRechargeOrderDao - 检查实体
[18/04/13 17:04:14,648] --> HumanTaskDao - 检查实体
[18/04/13 17:04:14,648] --> HumanActivityDao - 检查实体
[18/04/13 17:04:14,648] --> ActivityDao - 检查实体
[18/04/13 17:04:14,649] --> CommonActivityDao - 检查实体
[18/04/13 17:04:14,649] --> FunctionDao - 检查实体
[18/04/13 17:04:14,649] --> CompensationDao - 检查实体
[18/04/13 17:04:14,649] --> HumanCompensationDao - 检查实体
[18/04/13 17:04:14,650] --> HumanTexasSNGDao - 检查实体
[18/04/13 17:04:14,650] --> HumanRefundDao - 检查实体
[18/04/13 17:04:14,650] --> HumanFriendGiftDao - 检查实体
[18/04/13 17:04:14,650] --> RobotComplementDao - 检查实体
[18/04/13 17:04:14,650] --> HumanBaccartDao - 检查实体
[18/04/13 17:04:14,650] --> BaccartRoomModelDao - 检查实体
[18/04/13 17:04:14,651] --> DeviceDao - 检查实体
[18/04/13 17:04:14,651] --> HumanLuckySpinDao - 检查实体
[18/04/13 17:04:14,651] --> HumanLuckyMatchDao - 检查实体
[18/04/13 17:04:14,651] --> SlotDao - 检查实体
[18/04/13 17:04:14,655] --> HumanSlotDao - 检查实体
[18/04/13 17:04:14,655] --> TextasDao - 检查实体
[18/04/13 17:04:14,655] --> RankDao - 检查实体
[18/04/13 17:04:14,655] --> HumanGiftDao - 检查实体
[18/04/13 17:04:14,656] --> HumanAchievementDao - 检查实体
[18/04/13 17:04:14,656] --> ConversioncodeDao - 检查实体
[18/04/13 17:04:14,656] --> RobotStatisDataDao - 检查实体
[18/04/13 17:04:14,658] --> HumanCollectDao - 检查实体
[18/04/13 17:04:14,659] --> HumanTreasuryDao - 检查实体
[18/04/13 17:04:14,660] --> HumanMonthWeekDao - 检查实体
[18/04/13 17:04:14,660] --> ClubDao - 检查实体
[18/04/13 17:04:14,661] --> ClubMemberListDao - 检查实体
[18/04/13 17:04:14,661] --> ClubNoteDao - 检查实体
[18/04/13 17:04:14,661] --> ClubInvateDao - 检查实体
[18/04/13 17:04:14,661] --> ClubApplyDao - 检查实体
[18/04/13 17:04:14,661] --> ClubSeasonDao - 检查实体
[18/04/13 17:04:14,662] --> ClubInvatePlayerDao - 检查实体
[18/04/13 17:04:14,662] --> HumanAttackBossDao - 检查实体
[18/04/13 17:04:14,662] --> BossDao - 检查实体
[18/04/13 17:04:14,662] --> HumanGivealikeDao - 检查实体
[18/04/13 17:04:14,662] --> ClubInviteDao - 检查实体
[18/04/13 17:04:14,663] --> HumanPayguideDao - 检查实体
[18/04/13 17:04:14,663] --> HumanNewComerDao - 检查实体
[18/04/13 17:04:14,663] --> ClubGiftRecordtDao - 检查实体
[18/04/13 17:04:14,663] --> BazooAgentDao - 检查实体
[18/04/13 17:04:14,663] --> UserInfoDao - 检查实体
[18/04/13 17:05:36,234] --> HumanDao - 检查实体
[18/04/13 17:05:36,235] --> HumanItemDao - 检查实体
[18/04/13 17:05:36,235] --> HumanTexasDao - 检查实体
[18/04/13 17:05:36,235] --> HumanMonthCardDao - 检查实体
[18/04/13 17:05:36,235] --> HumanWeekCardDao - 检查实体
[18/04/13 17:05:36,235] --> MailDao - 检查实体
[18/04/13 17:05:36,236] --> NewbieDao - 检查实体
[18/04/13 17:05:36,236] --> HumanFriendDao - 检查实体
[18/04/13 17:05:36,236] --> HumanFriendRequestDao - 检查实体
[18/04/13 17:05:36,236] --> HumanWeekSignInDao - 检查实体
[18/04/13 17:05:36,236] --> DbVersionDao - 检查实体
[18/04/13 17:05:36,237] --> NoticeDao - 检查实体
[18/04/13 17:05:36,237] --> HumanMiscDao - 检查实体
[18/04/13 17:05:36,237] --> HumanVipDao - 检查实体
[18/04/13 17:05:36,237] --> HumanVipNewDao - 检查实体
[18/04/13 17:05:36,237] --> HumanRechargeOrderDao - 检查实体
[18/04/13 17:05:36,237] --> HumanTaskDao - 检查实体
[18/04/13 17:05:36,237] --> HumanActivityDao - 检查实体
[18/04/13 17:05:36,238] --> ActivityDao - 检查实体
[18/04/13 17:05:36,238] --> CommonActivityDao - 检查实体
[18/04/13 17:05:36,238] --> FunctionDao - 检查实体
[18/04/13 17:05:36,238] --> CompensationDao - 检查实体
[18/04/13 17:05:36,238] --> HumanCompensationDao - 检查实体
[18/04/13 17:05:36,239] --> HumanTexasSNGDao - 检查实体
[18/04/13 17:05:36,239] --> HumanRefundDao - 检查实体
[18/04/13 17:05:36,239] --> HumanFriendGiftDao - 检查实体
[18/04/13 17:05:36,239] --> RobotComplementDao - 检查实体
[18/04/13 17:05:36,239] --> HumanBaccartDao - 检查实体
[18/04/13 17:05:36,239] --> BaccartRoomModelDao - 检查实体
[18/04/13 17:05:36,240] --> DeviceDao - 检查实体
[18/04/13 17:05:36,240] --> HumanLuckySpinDao - 检查实体
[18/04/13 17:05:36,240] --> HumanLuckyMatchDao - 检查实体
[18/04/13 17:05:36,241] --> SlotDao - 检查实体
[18/04/13 17:05:36,241] --> HumanSlotDao - 检查实体
[18/04/13 17:05:36,241] --> TextasDao - 检查实体
[18/04/13 17:05:36,241] --> RankDao - 检查实体
[18/04/13 17:05:36,241] --> HumanGiftDao - 检查实体
[18/04/13 17:05:36,241] --> HumanAchievementDao - 检查实体
[18/04/13 17:05:36,243] --> ConversioncodeDao - 检查实体
[18/04/13 17:05:36,243] --> RobotStatisDataDao - 检查实体
[18/04/13 17:05:36,244] --> HumanCollectDao - 检查实体
[18/04/13 17:05:36,244] --> HumanTreasuryDao - 检查实体
[18/04/13 17:05:36,244] --> HumanMonthWeekDao - 检查实体
[18/04/13 17:05:36,244] --> ClubDao - 检查实体
[18/04/13 17:05:36,244] --> ClubMemberListDao - 检查实体
[18/04/13 17:05:36,245] --> ClubNoteDao - 检查实体
[18/04/13 17:05:36,245] --> ClubInvateDao - 检查实体
[18/04/13 17:05:36,245] --> ClubApplyDao - 检查实体
[18/04/13 17:05:36,245] --> ClubSeasonDao - 检查实体
[18/04/13 17:05:36,245] --> ClubInvatePlayerDao - 检查实体
[18/04/13 17:05:36,245] --> HumanAttackBossDao - 检查实体
[18/04/13 17:05:36,245] --> BossDao - 检查实体
[18/04/13 17:05:36,253] --> HumanGivealikeDao - 检查实体
[18/04/13 17:05:36,253] --> ClubInviteDao - 检查实体
[18/04/13 17:05:36,254] --> HumanPayguideDao - 检查实体
[18/04/13 17:05:36,254] --> HumanNewComerDao - 检查实体
[18/04/13 17:05:36,254] --> ClubGiftRecordtDao - 检查实体
[18/04/13 17:05:36,254] --> BazooAgentDao - 检查实体
[18/04/13 17:05:36,254] --> UserInfoDao - 检查实体
[18/04/13 17:06:56,331] --> HumanDao - 检查实体
[18/04/13 17:06:56,332] --> HumanItemDao - 检查实体
[18/04/13 17:06:56,332] --> HumanTexasDao - 检查实体
[18/04/13 17:06:56,332] --> HumanMonthCardDao - 检查实体
[18/04/13 17:06:56,333] --> HumanWeekCardDao - 检查实体
[18/04/13 17:06:56,333] --> MailDao - 检查实体
[18/04/13 17:06:56,333] --> NewbieDao - 检查实体
[18/04/13 17:06:56,333] --> HumanFriendDao - 检查实体
[18/04/13 17:06:56,334] --> HumanFriendRequestDao - 检查实体
[18/04/13 17:06:56,334] --> HumanWeekSignInDao - 检查实体
[18/04/13 17:06:56,334] --> DbVersionDao - 检查实体
[18/04/13 17:06:56,334] --> NoticeDao - 检查实体
[18/04/13 17:06:56,334] --> HumanMiscDao - 检查实体
[18/04/13 17:06:56,334] --> HumanVipDao - 检查实体
[18/04/13 17:06:56,334] --> HumanVipNewDao - 检查实体
[18/04/13 17:06:56,335] --> HumanRechargeOrderDao - 检查实体
[18/04/13 17:06:56,335] --> HumanTaskDao - 检查实体
[18/04/13 17:06:56,335] --> HumanActivityDao - 检查实体
[18/04/13 17:06:56,335] --> ActivityDao - 检查实体
[18/04/13 17:06:56,336] --> CommonActivityDao - 检查实体
[18/04/13 17:06:56,336] --> FunctionDao - 检查实体
[18/04/13 17:06:56,336] --> CompensationDao - 检查实体
[18/04/13 17:06:56,337] --> HumanCompensationDao - 检查实体
[18/04/13 17:06:56,338] --> HumanTexasSNGDao - 检查实体
[18/04/13 17:06:56,338] --> HumanRefundDao - 检查实体
[18/04/13 17:06:56,338] --> HumanFriendGiftDao - 检查实体
[18/04/13 17:06:56,338] --> RobotComplementDao - 检查实体
[18/04/13 17:06:56,338] --> HumanBaccartDao - 检查实体
[18/04/13 17:06:56,340] --> BaccartRoomModelDao - 检查实体
[18/04/13 17:06:56,341] --> DeviceDao - 检查实体
[18/04/13 17:06:56,341] --> HumanLuckySpinDao - 检查实体
[18/04/13 17:06:56,341] --> HumanLuckyMatchDao - 检查实体
[18/04/13 17:06:56,341] --> SlotDao - 检查实体
[18/04/13 17:06:56,342] --> HumanSlotDao - 检查实体
[18/04/13 17:06:56,342] --> TextasDao - 检查实体
[18/04/13 17:06:56,342] --> RankDao - 检查实体
[18/04/13 17:06:56,342] --> HumanGiftDao - 检查实体
[18/04/13 17:06:56,342] --> HumanAchievementDao - 检查实体
[18/04/13 17:06:56,342] --> ConversioncodeDao - 检查实体
[18/04/13 17:06:56,343] --> RobotStatisDataDao - 检查实体
[18/04/13 17:06:56,343] --> HumanCollectDao - 检查实体
[18/04/13 17:06:56,343] --> HumanTreasuryDao - 检查实体
[18/04/13 17:06:56,344] --> HumanMonthWeekDao - 检查实体
[18/04/13 17:06:56,344] --> ClubDao - 检查实体
[18/04/13 17:06:56,344] --> ClubMemberListDao - 检查实体
[18/04/13 17:06:56,344] --> ClubNoteDao - 检查实体
[18/04/13 17:06:56,344] --> ClubInvateDao - 检查实体
[18/04/13 17:06:56,344] --> ClubApplyDao - 检查实体
[18/04/13 17:06:56,345] --> ClubSeasonDao - 检查实体
[18/04/13 17:06:56,345] --> ClubInvatePlayerDao - 检查实体
[18/04/13 17:06:56,345] --> HumanAttackBossDao - 检查实体
[18/04/13 17:06:56,345] --> BossDao - 检查实体
[18/04/13 17:06:56,345] --> HumanGivealikeDao - 检查实体
[18/04/13 17:06:56,346] --> ClubInviteDao - 检查实体
[18/04/13 17:06:56,346] --> HumanPayguideDao - 检查实体
[18/04/13 17:06:56,346] --> HumanNewComerDao - 检查实体
[18/04/13 17:06:56,346] --> ClubGiftRecordtDao - 检查实体
[18/04/13 17:06:56,348] --> BazooAgentDao - 检查实体
[18/04/13 17:06:56,349] --> UserInfoDao - 检查实体
[18/04/13 17:16:19,489] --> HumanDao - 检查实体
[18/04/13 17:16:19,490] --> HumanItemDao - 检查实体
[18/04/13 17:16:19,490] --> HumanTexasDao - 检查实体
[18/04/13 17:16:19,490] --> HumanMonthCardDao - 检查实体
[18/04/13 17:16:19,490] --> HumanWeekCardDao - 检查实体
[18/04/13 17:16:19,490] --> MailDao - 检查实体
[18/04/13 17:16:19,490] --> NewbieDao - 检查实体
[18/04/13 17:16:19,490] --> HumanFriendDao - 检查实体
[18/04/13 17:16:19,490] --> HumanFriendRequestDao - 检查实体
[18/04/13 17:16:19,490] --> HumanWeekSignInDao - 检查实体
[18/04/13 17:16:19,491] --> DbVersionDao - 检查实体
[18/04/13 17:16:19,491] --> NoticeDao - 检查实体
[18/04/13 17:16:19,491] --> HumanMiscDao - 检查实体
[18/04/13 17:16:19,491] --> HumanVipDao - 检查实体
[18/04/13 17:16:19,491] --> HumanVipNewDao - 检查实体
[18/04/13 17:16:19,491] --> HumanRechargeOrderDao - 检查实体
[18/04/13 17:16:19,491] --> HumanTaskDao - 检查实体
[18/04/13 17:16:19,491] --> HumanActivityDao - 检查实体
[18/04/13 17:16:19,491] --> ActivityDao - 检查实体
[18/04/13 17:16:19,492] --> CommonActivityDao - 检查实体
[18/04/13 17:16:19,492] --> FunctionDao - 检查实体
[18/04/13 17:16:19,492] --> CompensationDao - 检查实体
[18/04/13 17:16:19,492] --> HumanCompensationDao - 检查实体
[18/04/13 17:16:19,492] --> HumanTexasSNGDao - 检查实体
[18/04/13 17:16:19,492] --> HumanRefundDao - 检查实体
[18/04/13 17:16:19,493] --> HumanFriendGiftDao - 检查实体
[18/04/13 17:16:19,493] --> RobotComplementDao - 检查实体
[18/04/13 17:16:19,493] --> HumanBaccartDao - 检查实体
[18/04/13 17:16:19,494] --> BaccartRoomModelDao - 检查实体
[18/04/13 17:16:19,494] --> DeviceDao - 检查实体
[18/04/13 17:16:19,495] --> HumanLuckySpinDao - 检查实体
[18/04/13 17:16:19,497] --> HumanLuckyMatchDao - 检查实体
[18/04/13 17:16:19,499] --> SlotDao - 检查实体
[18/04/13 17:16:19,500] --> HumanSlotDao - 检查实体
[18/04/13 17:16:19,500] --> TextasDao - 检查实体
[18/04/13 17:16:19,500] --> RankDao - 检查实体
[18/04/13 17:16:19,500] --> HumanGiftDao - 检查实体
[18/04/13 17:16:19,500] --> HumanAchievementDao - 检查实体
[18/04/13 17:16:19,500] --> ConversioncodeDao - 检查实体
[18/04/13 17:16:19,500] --> RobotStatisDataDao - 检查实体
[18/04/13 17:16:19,501] --> HumanCollectDao - 检查实体
[18/04/13 17:16:19,501] --> HumanTreasuryDao - 检查实体
[18/04/13 17:16:19,501] --> HumanMonthWeekDao - 检查实体
[18/04/13 17:16:19,501] --> ClubDao - 检查实体
[18/04/13 17:16:19,501] --> ClubMemberListDao - 检查实体
[18/04/13 17:16:19,502] --> ClubNoteDao - 检查实体
[18/04/13 17:16:19,502] --> ClubInvateDao - 检查实体
[18/04/13 17:16:19,502] --> ClubApplyDao - 检查实体
[18/04/13 17:16:19,502] --> ClubSeasonDao - 检查实体
[18/04/13 17:16:19,502] --> ClubInvatePlayerDao - 检查实体
[18/04/13 17:16:19,502] --> HumanAttackBossDao - 检查实体
[18/04/13 17:16:19,502] --> BossDao - 检查实体
[18/04/13 17:16:19,503] --> HumanGivealikeDao - 检查实体
[18/04/13 17:16:19,503] --> ClubInviteDao - 检查实体
[18/04/13 17:16:19,503] --> HumanPayguideDao - 检查实体
[18/04/13 17:16:19,504] --> HumanNewComerDao - 检查实体
[18/04/13 17:16:19,505] --> ClubGiftRecordtDao - 检查实体
[18/04/13 17:16:19,505] --> BazooAgentDao - 检查实体
[18/04/13 17:16:19,505] --> UserInfoDao - 检查实体
