[18/04/13 17:16:51,801] --> AsyncOperation.IIoOperation=com.gameserver.player.async.LoadPlayerRoleOperation@28a8607e[class com.gameserver.player.async.LoadPlayerRoleOperation],ioLastTime=7176,IO_ALLOW_MAX_TIME=500,uuid=-1
[18/04/13 17:22:01,578] --> Global Logic process message error!
java.lang.NullPointerException
	at com.gameserver.player.handler.PlayerMessageHandler.handlePlayerCloseSession(PlayerMessageHandler.java:300)
	at com.gameserver.player.msg.GameClientSessionClosedMsg.execute(GameClientSessionClosedMsg.java:25)
	at com.gameserver.common.GlobalLogicRunner.processMessage(GlobalLogicRunner.java:72)
	at com.gameserver.common.GlobalLogicRunner.tick(GlobalLogicRunner.java:54)
	at com.gameserver.common.GlobalLogicRunner.call(GlobalLogicRunner.java:43)
	at com.gameserver.common.GlobalLogicRunner.call(GlobalLogicRunner.java:1)
	at java.util.concurrent.FutureTask.run(FutureTask.java:266)
	at java.util.concurrent.ThreadPoolExecutor.runWorker(ThreadPoolExecutor.java:1142)
	at java.util.concurrent.ThreadPoolExecutor$Worker.run(ThreadPoolExecutor.java:617)
	at java.lang.Thread.run(Thread.java:745)
[18/04/13 17:24:11,435] --> Global Logic process message error!
java.lang.NullPointerException
	at com.gameserver.player.handler.PlayerMessageHandler.handlePlayerCloseSession(PlayerMessageHandler.java:300)
	at com.gameserver.player.msg.GameClientSessionClosedMsg.execute(GameClientSessionClosedMsg.java:25)
	at com.gameserver.common.GlobalLogicRunner.processMessage(GlobalLogicRunner.java:72)
	at com.gameserver.common.GlobalLogicRunner.tick(GlobalLogicRunner.java:54)
	at com.gameserver.common.GlobalLogicRunner.call(GlobalLogicRunner.java:43)
	at com.gameserver.common.GlobalLogicRunner.call(GlobalLogicRunner.java:1)
	at java.util.concurrent.FutureTask.run(FutureTask.java:266)
	at java.util.concurrent.ThreadPoolExecutor.runWorker(ThreadPoolExecutor.java:1142)
	at java.util.concurrent.ThreadPoolExecutor$Worker.run(ThreadPoolExecutor.java:617)
	at java.lang.Thread.run(Thread.java:745)
