[18/04/26 13:44:15,133] --> scheduleWithFixedDelay delay:0 period:60000 scheduleEnum:定时ping schedule:com.gameserver.common.schedule.ScheduleHeartBeatServer@478fb7dc
[18/04/26 13:44:15,139] --> scheduleWithFixedDelay delay:0 period:60000 scheduleEnum:定时检测网络时间 schedule:com.gameserver.player.ScheduleLastNetTime@59c43561
[18/04/26 13:44:15,141] --> scheduleWithFixedDelay delay:0 period:60000 scheduleEnum:跑马灯 schedule:com.gameserver.notice.schedule.ScheduleNotice@585513a8
[18/04/26 13:44:15,142] --> scheduleWithFixedDelay delay:0 period:1000 scheduleEnum:百家乐房间 schedule:com.gameserver.baccart.ScheduleBaccartRoom@30f28b5
[18/04/26 13:44:15,143] --> scheduleWithFixedDelay delay:296153607 period:604800000 scheduleEnum:排行榜奖励结算 schedule:com.gameserver.ranknew.ScheduleRandNew@6aa7e176
[18/04/26 13:44:15,146] --> scheduleWithFixedDelay delay:953607 period:3600000 scheduleEnum:在线人数统计 schedule:com.gameserver.player.OnlinePlayerLog@281b2dfd
[18/04/26 13:44:15,348] --> ======>start HeartBeatServer time is:2018-04-26 13:44:15
[18/04/26 13:44:15,431] --> ======>start sendLastNetTime time is:2018-04-26 13:44:15
[18/04/26 13:44:15,432] --> ======>start notice time is:2018-04-26 13:44:15
[18/04/26 13:45:15,264] --> ======>start HeartBeatServer time is:2018-04-26 13:45:15
[18/04/26 13:45:15,266] --> ======>start sendLastNetTime time is:2018-04-26 13:45:15
[18/04/26 13:45:15,266] --> ======>start notice time is:2018-04-26 13:45:15
[18/04/26 13:46:15,231] --> ======>start HeartBeatServer time is:2018-04-26 13:46:15
[18/04/26 13:46:15,233] --> ======>start sendLastNetTime time is:2018-04-26 13:46:15
[18/04/26 13:46:15,233] --> ======>start notice time is:2018-04-26 13:46:15
[18/04/26 13:47:15,243] --> ======>start HeartBeatServer time is:2018-04-26 13:47:15
[18/04/26 13:47:15,246] --> ======>start sendLastNetTime time is:2018-04-26 13:47:15
[18/04/26 13:47:15,246] --> ======>start notice time is:2018-04-26 13:47:15
[18/04/26 13:48:15,207] --> ======>start HeartBeatServer time is:2018-04-26 13:48:15
[18/04/26 13:48:15,209] --> ======>start sendLastNetTime time is:2018-04-26 13:48:15
[18/04/26 13:48:15,209] --> ======>start notice time is:2018-04-26 13:48:15
[18/04/26 13:49:15,244] --> ======>start HeartBeatServer time is:2018-04-26 13:49:15
[18/04/26 13:49:15,277] --> ======>start sendLastNetTime time is:2018-04-26 13:49:15
[18/04/26 13:49:15,277] --> ======>start notice time is:2018-04-26 13:49:15
[18/04/26 13:50:15,304] --> ======>start HeartBeatServer time is:2018-04-26 13:50:15
[18/04/26 13:50:15,306] --> ======>start sendLastNetTime time is:2018-04-26 13:50:15
[18/04/26 13:50:15,306] --> ======>start notice time is:2018-04-26 13:50:15
[18/04/26 14:12:30,901] --> scheduleWithFixedDelay delay:0 period:60000 scheduleEnum:定时ping schedule:com.gameserver.common.schedule.ScheduleHeartBeatServer@12abcd1e
[18/04/26 14:12:30,906] --> scheduleWithFixedDelay delay:0 period:60000 scheduleEnum:定时检测网络时间 schedule:com.gameserver.player.ScheduleLastNetTime@20349058
[18/04/26 14:12:30,907] --> scheduleWithFixedDelay delay:0 period:60000 scheduleEnum:跑马灯 schedule:com.gameserver.notice.schedule.ScheduleNotice@cdb3c85
[18/04/26 14:12:30,907] --> scheduleWithFixedDelay delay:0 period:1000 scheduleEnum:百家乐房间 schedule:com.gameserver.baccart.ScheduleBaccartRoom@33d28f0a
[18/04/26 14:12:30,908] --> scheduleWithFixedDelay delay:294455590 period:604800000 scheduleEnum:排行榜奖励结算 schedule:com.gameserver.ranknew.ScheduleRandNew@51e7589f
[18/04/26 14:12:30,909] --> scheduleWithFixedDelay delay:2855590 period:3600000 scheduleEnum:在线人数统计 schedule:com.gameserver.player.OnlinePlayerLog@42c12b3e
[18/04/26 14:12:31,100] --> ======>start HeartBeatServer time is:2018-04-26 14:12:31
[18/04/26 14:12:31,128] --> ======>start sendLastNetTime time is:2018-04-26 14:12:31
[18/04/26 14:12:31,129] --> ======>start notice time is:2018-04-26 14:12:31
[18/04/26 14:13:30,901] --> ======>start HeartBeatServer time is:2018-04-26 14:13:30
[18/04/26 14:13:30,902] --> ======>start sendLastNetTime time is:2018-04-26 14:13:30
[18/04/26 14:13:30,902] --> ======>start notice time is:2018-04-26 14:13:30
[18/04/26 14:14:30,999] --> ======>start HeartBeatServer time is:2018-04-26 14:14:30
[18/04/26 14:14:31,001] --> ======>start sendLastNetTime time is:2018-04-26 14:14:31
[18/04/26 14:14:31,001] --> ======>start notice time is:2018-04-26 14:14:31
[18/04/26 14:15:30,925] --> ======>start HeartBeatServer time is:2018-04-26 14:15:30
[18/04/26 14:15:30,925] --> ======>start sendLastNetTime time is:2018-04-26 14:15:30
[18/04/26 14:15:30,926] --> ======>start notice time is:2018-04-26 14:15:30
[18/04/26 14:16:31,033] --> ======>start HeartBeatServer time is:2018-04-26 14:16:31
[18/04/26 14:16:31,033] --> ======>start sendLastNetTime time is:2018-04-26 14:16:31
[18/04/26 14:16:31,034] --> ======>start notice time is:2018-04-26 14:16:31
[18/04/26 14:17:07,925] --> +++开始  消息发送(周特惠礼包) 当当当++::Thu Apr 26 14:17:07 CST 2018 -- now::Thu Apr 26 14:17:07 CST 2018
[18/04/26 14:17:07,927] --> scheduleOnce date:Fri Apr 27 14:17:07 CST 2018 scheduleEnum:周 月 特惠充值活动 schedule:com.gameserver.activity.ScheduleRegularTime@673cc1eb
[18/04/26 14:17:31,038] --> ======>start HeartBeatServer time is:2018-04-26 14:17:31
[18/04/26 14:17:31,074] --> ======>start sendLastNetTime time is:2018-04-26 14:17:31
[18/04/26 14:17:31,074] --> ======>start notice time is:2018-04-26 14:17:31
[18/04/26 14:18:30,994] --> ======>start HeartBeatServer time is:2018-04-26 14:18:30
[18/04/26 14:18:30,994] --> ======>start sendLastNetTime time is:2018-04-26 14:18:30
[18/04/26 14:18:30,995] --> ======>start notice time is:2018-04-26 14:18:30
[18/04/26 14:19:42,026] --> ======>start HeartBeatServer time is:2018-04-26 14:19:42
[18/04/26 14:19:42,029] --> ======>start sendLastNetTime time is:2018-04-26 14:19:42
[18/04/26 14:19:42,030] --> ======>start notice time is:2018-04-26 14:19:42
[18/04/26 14:20:15,902] --> scheduleWithFixedDelay delay:0 period:60000 scheduleEnum:定时ping schedule:com.gameserver.common.schedule.ScheduleHeartBeatServer@5a4dda2
[18/04/26 14:20:15,921] --> scheduleWithFixedDelay delay:0 period:60000 scheduleEnum:定时检测网络时间 schedule:com.gameserver.player.ScheduleLastNetTime@3db65c0d
[18/04/26 14:20:15,926] --> scheduleWithFixedDelay delay:0 period:60000 scheduleEnum:跑马灯 schedule:com.gameserver.notice.schedule.ScheduleNotice@8c43966
[18/04/26 14:20:15,928] --> scheduleWithFixedDelay delay:0 period:1000 scheduleEnum:百家乐房间 schedule:com.gameserver.baccart.ScheduleBaccartRoom@11a3a45f
[18/04/26 14:20:15,930] --> scheduleWithFixedDelay delay:293990414 period:604800000 scheduleEnum:排行榜奖励结算 schedule:com.gameserver.ranknew.ScheduleRandNew@40df6090
[18/04/26 14:20:15,931] --> scheduleWithFixedDelay delay:2390414 period:3600000 scheduleEnum:在线人数统计 schedule:com.gameserver.player.OnlinePlayerLog@44d7e24
[18/04/26 14:20:16,196] --> ======>start HeartBeatServer time is:2018-04-26 14:20:16
[18/04/26 14:20:16,224] --> ======>start sendLastNetTime time is:2018-04-26 14:20:16
[18/04/26 14:20:16,224] --> ======>start notice time is:2018-04-26 14:20:16
[18/04/26 14:20:43,709] --> +++开始  消息发送(周特惠礼包) 当当当++::Thu Apr 26 14:20:43 CST 2018 -- now::Thu Apr 26 14:20:43 CST 2018
[18/04/26 14:21:27,785] --> ======>start HeartBeatServer time is:2018-04-26 14:21:27
[18/04/26 14:21:27,787] --> ======>start sendLastNetTime time is:2018-04-26 14:21:27
[18/04/26 14:21:27,787] --> ======>start notice time is:2018-04-26 14:21:27
[18/04/26 14:22:23,937] --> ======>start HeartBeatServer time is:2018-04-26 14:22:23
[18/04/26 14:22:23,939] --> ======>start sendLastNetTime time is:2018-04-26 14:22:23
[18/04/26 14:22:23,939] --> ======>start notice time is:2018-04-26 14:22:23
[18/04/26 14:22:44,061] --> +++开始  消息发送(周特惠礼包) 当当当++::Thu Apr 26 14:22:44 CST 2018 -- now::Thu Apr 26 14:22:44 CST 2018
[18/04/26 14:23:42,099] --> scheduleWithFixedDelay delay:0 period:60000 scheduleEnum:定时ping schedule:com.gameserver.common.schedule.ScheduleHeartBeatServer@7f0f84d4
[18/04/26 14:23:42,110] --> scheduleWithFixedDelay delay:0 period:60000 scheduleEnum:定时检测网络时间 schedule:com.gameserver.player.ScheduleLastNetTime@5aa76ad2
[18/04/26 14:23:42,112] --> scheduleWithFixedDelay delay:0 period:60000 scheduleEnum:跑马灯 schedule:com.gameserver.notice.schedule.ScheduleNotice@25791d40
[18/04/26 14:23:42,115] --> scheduleWithFixedDelay delay:0 period:1000 scheduleEnum:百家乐房间 schedule:com.gameserver.baccart.ScheduleBaccartRoom@251c8145
[18/04/26 14:23:42,116] --> scheduleWithFixedDelay delay:293783052 period:604800000 scheduleEnum:排行榜奖励结算 schedule:com.gameserver.ranknew.ScheduleRandNew@7abeabe9
[18/04/26 14:23:42,126] --> scheduleWithFixedDelay delay:2183052 period:3600000 scheduleEnum:在线人数统计 schedule:com.gameserver.player.OnlinePlayerLog@1b52699c
[18/04/26 14:23:42,300] --> ======>start HeartBeatServer time is:2018-04-26 14:23:42
[18/04/26 14:23:42,329] --> ======>start sendLastNetTime time is:2018-04-26 14:23:42
[18/04/26 14:23:42,330] --> ======>start notice time is:2018-04-26 14:23:42
[18/04/26 14:23:53,913] --> +++开始  消息发送(周特惠礼包) 当当当++::Thu Apr 26 14:23:53 CST 2018 -- now::Thu Apr 26 14:23:53 CST 2018
[18/04/26 14:24:42,243] --> ======>start HeartBeatServer time is:2018-04-26 14:24:42
[18/04/26 14:24:42,244] --> ======>start sendLastNetTime time is:2018-04-26 14:24:42
[18/04/26 14:24:42,244] --> ======>start notice time is:2018-04-26 14:24:42
[18/04/26 14:25:18,631] --> scheduleWithFixedDelay delay:0 period:60000 scheduleEnum:定时ping schedule:com.gameserver.common.schedule.ScheduleHeartBeatServer@77524ca7
[18/04/26 14:25:18,633] --> scheduleWithFixedDelay delay:0 period:60000 scheduleEnum:定时检测网络时间 schedule:com.gameserver.player.ScheduleLastNetTime@f245bdd
[18/04/26 14:25:18,634] --> scheduleWithFixedDelay delay:0 period:60000 scheduleEnum:跑马灯 schedule:com.gameserver.notice.schedule.ScheduleNotice@280fafd
[18/04/26 14:25:18,636] --> scheduleWithFixedDelay delay:0 period:1000 scheduleEnum:百家乐房间 schedule:com.gameserver.baccart.ScheduleBaccartRoom@14b275bd
[18/04/26 14:25:18,637] --> scheduleWithFixedDelay delay:293686561 period:604800000 scheduleEnum:排行榜奖励结算 schedule:com.gameserver.ranknew.ScheduleRandNew@4b03cbad
[18/04/26 14:25:18,638] --> scheduleWithFixedDelay delay:2086561 period:3600000 scheduleEnum:在线人数统计 schedule:com.gameserver.player.OnlinePlayerLog@5c313224
[18/04/26 14:25:18,886] --> ======>start HeartBeatServer time is:2018-04-26 14:25:18
[18/04/26 14:25:18,909] --> ======>start sendLastNetTime time is:2018-04-26 14:25:18
[18/04/26 14:25:18,909] --> ======>start notice time is:2018-04-26 14:25:18
[18/04/26 14:25:28,989] --> +++开始  消息发送(周特惠礼包) 当当当++::Thu Apr 26 14:25:28 CST 2018 -- now::Thu Apr 26 14:25:28 CST 2018
[18/04/26 14:26:13,535] --> ======>start HeartBeatServer time is:2018-04-26 14:26:13
[18/04/26 14:26:13,536] --> ======>start sendLastNetTime time is:2018-04-26 14:26:13
[18/04/26 14:26:13,537] --> ======>start notice time is:2018-04-26 14:26:13
[18/04/26 14:27:13,488] --> ======>start HeartBeatServer time is:2018-04-26 14:27:13
[18/04/26 14:27:13,488] --> ======>start sendLastNetTime time is:2018-04-26 14:27:13
[18/04/26 14:27:13,489] --> ======>start notice time is:2018-04-26 14:27:13
[18/04/26 14:28:13,439] --> ======>start HeartBeatServer time is:2018-04-26 14:28:13
[18/04/26 14:28:13,439] --> ======>start sendLastNetTime time is:2018-04-26 14:28:13
[18/04/26 14:28:13,440] --> ======>start notice time is:2018-04-26 14:28:13
[18/04/26 14:29:13,612] --> ======>start HeartBeatServer time is:2018-04-26 14:29:13
[18/04/26 14:29:13,612] --> ======>start sendLastNetTime time is:2018-04-26 14:29:13
[18/04/26 14:29:13,612] --> ======>start notice time is:2018-04-26 14:29:13
[18/04/26 14:30:13,568] --> ======>start HeartBeatServer time is:2018-04-26 14:30:13
[18/04/26 14:30:13,568] --> ======>start sendLastNetTime time is:2018-04-26 14:30:13
[18/04/26 14:30:13,568] --> ======>start notice time is:2018-04-26 14:30:13
[18/04/26 14:31:13,522] --> ======>start HeartBeatServer time is:2018-04-26 14:31:13
[18/04/26 14:31:13,523] --> ======>start sendLastNetTime time is:2018-04-26 14:31:13
[18/04/26 14:31:13,524] --> ======>start notice time is:2018-04-26 14:31:13
[18/04/26 14:32:03,937] --> scheduleWithFixedDelay delay:0 period:60000 scheduleEnum:定时ping schedule:com.gameserver.common.schedule.ScheduleHeartBeatServer@5a05dd30
[18/04/26 14:32:03,940] --> scheduleWithFixedDelay delay:0 period:60000 scheduleEnum:定时检测网络时间 schedule:com.gameserver.player.ScheduleLastNetTime@250d440
[18/04/26 14:32:03,942] --> scheduleWithFixedDelay delay:0 period:60000 scheduleEnum:跑马灯 schedule:com.gameserver.notice.schedule.ScheduleNotice@7e5efcab
[18/04/26 14:32:03,943] --> scheduleWithFixedDelay delay:0 period:1000 scheduleEnum:百家乐房间 schedule:com.gameserver.baccart.ScheduleBaccartRoom@1d2fb82
[18/04/26 14:32:03,944] --> scheduleWithFixedDelay delay:293282594 period:604800000 scheduleEnum:排行榜奖励结算 schedule:com.gameserver.ranknew.ScheduleRandNew@3db65c0d
[18/04/26 14:32:03,946] --> scheduleWithFixedDelay delay:1682594 period:3600000 scheduleEnum:在线人数统计 schedule:com.gameserver.player.OnlinePlayerLog@8c43966
[18/04/26 14:32:04,193] --> ======>start HeartBeatServer time is:2018-04-26 14:32:04
[18/04/26 14:32:04,222] --> ======>start sendLastNetTime time is:2018-04-26 14:32:04
[18/04/26 14:32:04,223] --> ======>start notice time is:2018-04-26 14:32:04
[18/04/26 14:32:19,404] --> +++开始  消息发送(周特惠礼包) 当当当++::Thu Apr 26 14:32:19 CST 2018 -- now::Thu Apr 26 14:32:19 CST 2018
[18/04/26 14:32:57,552] --> ======>start HeartBeatServer time is:2018-04-26 14:32:57
[18/04/26 14:32:57,552] --> ======>start sendLastNetTime time is:2018-04-26 14:32:57
[18/04/26 14:32:57,553] --> ======>start notice time is:2018-04-26 14:32:57
[18/04/26 14:33:57,513] --> ======>start HeartBeatServer time is:2018-04-26 14:33:57
[18/04/26 14:33:57,514] --> ======>start sendLastNetTime time is:2018-04-26 14:33:57
[18/04/26 14:33:57,514] --> ======>start notice time is:2018-04-26 14:33:57
[18/04/26 14:34:57,471] --> ======>start HeartBeatServer time is:2018-04-26 14:34:57
[18/04/26 14:34:57,472] --> ======>start sendLastNetTime time is:2018-04-26 14:34:57
[18/04/26 14:34:57,473] --> ======>start notice time is:2018-04-26 14:34:57
[18/04/26 14:35:57,445] --> ======>start HeartBeatServer time is:2018-04-26 14:35:57
[18/04/26 14:35:57,445] --> ======>start sendLastNetTime time is:2018-04-26 14:35:57
[18/04/26 14:35:57,445] --> ======>start notice time is:2018-04-26 14:35:57
[18/04/26 14:36:57,408] --> ======>start HeartBeatServer time is:2018-04-26 14:36:57
[18/04/26 14:36:57,408] --> ======>start sendLastNetTime time is:2018-04-26 14:36:57
[18/04/26 14:36:57,408] --> ======>start notice time is:2018-04-26 14:36:57
[18/04/26 14:37:57,571] --> ======>start HeartBeatServer time is:2018-04-26 14:37:57
[18/04/26 14:37:57,571] --> ======>start sendLastNetTime time is:2018-04-26 14:37:57
[18/04/26 14:37:57,572] --> ======>start notice time is:2018-04-26 14:37:57
[18/04/26 14:38:57,567] --> ======>start HeartBeatServer time is:2018-04-26 14:38:57
[18/04/26 14:38:57,568] --> ======>start sendLastNetTime time is:2018-04-26 14:38:57
[18/04/26 14:38:57,568] --> ======>start notice time is:2018-04-26 14:38:57
[18/04/26 14:39:57,531] --> ======>start HeartBeatServer time is:2018-04-26 14:39:57
[18/04/26 14:39:57,531] --> ======>start sendLastNetTime time is:2018-04-26 14:39:57
[18/04/26 14:39:57,532] --> ======>start notice time is:2018-04-26 14:39:57
[18/04/26 14:40:57,496] --> ======>start HeartBeatServer time is:2018-04-26 14:40:57
[18/04/26 14:40:57,496] --> ======>start sendLastNetTime time is:2018-04-26 14:40:57
[18/04/26 14:40:57,497] --> ======>start notice time is:2018-04-26 14:40:57
[18/04/26 14:41:57,453] --> ======>start HeartBeatServer time is:2018-04-26 14:41:57
[18/04/26 14:41:57,453] --> ======>start sendLastNetTime time is:2018-04-26 14:41:57
[18/04/26 14:41:57,453] --> ======>start notice time is:2018-04-26 14:41:57
[18/04/26 14:42:57,413] --> ======>start HeartBeatServer time is:2018-04-26 14:42:57
[18/04/26 14:42:57,413] --> ======>start sendLastNetTime time is:2018-04-26 14:42:57
[18/04/26 14:42:57,413] --> ======>start notice time is:2018-04-26 14:42:57
[18/04/26 14:43:57,573] --> ======>start HeartBeatServer time is:2018-04-26 14:43:57
[18/04/26 14:43:57,573] --> ======>start sendLastNetTime time is:2018-04-26 14:43:57
[18/04/26 14:43:57,573] --> ======>start notice time is:2018-04-26 14:43:57
[18/04/26 14:44:57,532] --> ======>start HeartBeatServer time is:2018-04-26 14:44:57
[18/04/26 14:44:57,532] --> ======>start sendLastNetTime time is:2018-04-26 14:44:57
[18/04/26 14:44:57,541] --> ======>start notice time is:2018-04-26 14:44:57
[18/04/26 14:45:57,491] --> ======>start HeartBeatServer time is:2018-04-26 14:45:57
[18/04/26 14:45:57,492] --> ======>start sendLastNetTime time is:2018-04-26 14:45:57
[18/04/26 14:45:57,492] --> ======>start notice time is:2018-04-26 14:45:57
[18/04/26 14:46:57,456] --> ======>start HeartBeatServer time is:2018-04-26 14:46:57
[18/04/26 14:46:57,456] --> ======>start sendLastNetTime time is:2018-04-26 14:46:57
[18/04/26 14:46:57,456] --> ======>start notice time is:2018-04-26 14:46:57
[18/04/26 15:05:29,409] --> scheduleWithFixedDelay delay:0 period:60000 scheduleEnum:定时ping schedule:com.gameserver.common.schedule.ScheduleHeartBeatServer@6c742b84
[18/04/26 15:05:29,413] --> scheduleWithFixedDelay delay:0 period:60000 scheduleEnum:定时检测网络时间 schedule:com.gameserver.player.ScheduleLastNetTime@74ba6ff5
[18/04/26 15:05:29,414] --> scheduleWithFixedDelay delay:0 period:60000 scheduleEnum:跑马灯 schedule:com.gameserver.notice.schedule.ScheduleNotice@7a84788f
[18/04/26 15:05:29,416] --> scheduleWithFixedDelay delay:0 period:1000 scheduleEnum:百家乐房间 schedule:com.gameserver.baccart.ScheduleBaccartRoom@26e0d39c
[18/04/26 15:05:29,417] --> scheduleWithFixedDelay delay:291276408 period:604800000 scheduleEnum:排行榜奖励结算 schedule:com.gameserver.ranknew.ScheduleRandNew@3c7279a5
[18/04/26 15:05:29,418] --> scheduleWithFixedDelay delay:3276408 period:3600000 scheduleEnum:在线人数统计 schedule:com.gameserver.player.OnlinePlayerLog@b379bc6
[18/04/26 15:05:29,604] --> ======>start HeartBeatServer time is:2018-04-26 15:05:29
[18/04/26 15:05:29,625] --> ======>start sendLastNetTime time is:2018-04-26 15:05:29
[18/04/26 15:05:29,626] --> ======>start notice time is:2018-04-26 15:05:29
[18/04/26 15:05:57,317] --> +++开始  消息发送(周特惠礼包) 当当当++::Thu Apr 26 15:05:57 CST 2018 -- now::Thu Apr 26 15:05:57 CST 2018
[18/04/26 15:05:57,318] --> scheduleOnce date:Fri Apr 27 15:05:57 CST 2018 scheduleEnum:周 月 特惠充值活动 schedule:com.gameserver.activity.ScheduleRegularTime@22f62928
[18/04/26 15:06:29,584] --> ======>start HeartBeatServer time is:2018-04-26 15:06:29
[18/04/26 15:06:29,584] --> ======>start sendLastNetTime time is:2018-04-26 15:06:29
[18/04/26 15:06:29,585] --> ======>start notice time is:2018-04-26 15:06:29
[18/04/26 15:07:29,552] --> ======>start HeartBeatServer time is:2018-04-26 15:07:29
[18/04/26 15:07:29,554] --> ======>start sendLastNetTime time is:2018-04-26 15:07:29
[18/04/26 15:07:29,554] --> ======>start notice time is:2018-04-26 15:07:29
[18/04/26 15:08:29,549] --> ======>start HeartBeatServer time is:2018-04-26 15:08:29
[18/04/26 15:08:29,549] --> ======>start sendLastNetTime time is:2018-04-26 15:08:29
[18/04/26 15:08:29,549] --> ======>start notice time is:2018-04-26 15:08:29
[18/04/26 15:09:04,536] --> +++开始  消息发送(周特惠礼包) 当当当++::Thu Apr 26 15:09:04 CST 2018 -- now::Thu Apr 26 15:09:04 CST 2018
[18/04/26 15:09:29,530] --> ======>start HeartBeatServer time is:2018-04-26 15:09:29
[18/04/26 15:09:29,530] --> ======>start sendLastNetTime time is:2018-04-26 15:09:29
[18/04/26 15:09:29,530] --> ======>start notice time is:2018-04-26 15:09:29
[18/04/26 15:10:29,487] --> ======>start HeartBeatServer time is:2018-04-26 15:10:29
[18/04/26 15:10:29,488] --> ======>start sendLastNetTime time is:2018-04-26 15:10:29
[18/04/26 15:10:29,489] --> ======>start notice time is:2018-04-26 15:10:29
[18/04/26 15:11:29,453] --> ======>start HeartBeatServer time is:2018-04-26 15:11:29
[18/04/26 15:11:29,453] --> ======>start sendLastNetTime time is:2018-04-26 15:11:29
[18/04/26 15:11:29,453] --> ======>start notice time is:2018-04-26 15:11:29
[18/04/26 15:12:29,420] --> ======>start HeartBeatServer time is:2018-04-26 15:12:29
[18/04/26 15:12:29,420] --> ======>start sendLastNetTime time is:2018-04-26 15:12:29
[18/04/26 15:12:29,420] --> ======>start notice time is:2018-04-26 15:12:29
[18/04/26 15:13:29,403] --> ======>start HeartBeatServer time is:2018-04-26 15:13:29
[18/04/26 15:13:29,403] --> ======>start sendLastNetTime time is:2018-04-26 15:13:29
[18/04/26 15:13:29,404] --> ======>start notice time is:2018-04-26 15:13:29
[18/04/26 15:14:29,565] --> ======>start HeartBeatServer time is:2018-04-26 15:14:29
[18/04/26 15:14:29,565] --> ======>start sendLastNetTime time is:2018-04-26 15:14:29
[18/04/26 15:14:29,565] --> ======>start notice time is:2018-04-26 15:14:29
[18/04/26 15:15:29,525] --> ======>start HeartBeatServer time is:2018-04-26 15:15:29
[18/04/26 15:15:29,525] --> ======>start sendLastNetTime time is:2018-04-26 15:15:29
[18/04/26 15:15:29,525] --> ======>start notice time is:2018-04-26 15:15:29
[18/04/26 15:16:29,486] --> ======>start HeartBeatServer time is:2018-04-26 15:16:29
[18/04/26 15:16:29,486] --> ======>start sendLastNetTime time is:2018-04-26 15:16:29
[18/04/26 15:16:29,487] --> ======>start notice time is:2018-04-26 15:16:29
[18/04/26 15:16:35,403] --> +++开始  消息发送(周特惠礼包) 当当当++::Thu Apr 26 15:16:35 CST 2018 -- now::Thu Apr 26 15:16:35 CST 2018
[18/04/26 15:17:29,459] --> ======>start HeartBeatServer time is:2018-04-26 15:17:29
[18/04/26 15:17:29,459] --> ======>start sendLastNetTime time is:2018-04-26 15:17:29
[18/04/26 15:17:29,460] --> ======>start notice time is:2018-04-26 15:17:29
[18/04/26 15:18:29,470] --> ======>start HeartBeatServer time is:2018-04-26 15:18:29
[18/04/26 15:18:29,470] --> ======>start sendLastNetTime time is:2018-04-26 15:18:29
[18/04/26 15:18:29,471] --> ======>start notice time is:2018-04-26 15:18:29
[18/04/26 15:19:29,542] --> ======>start HeartBeatServer time is:2018-04-26 15:19:29
[18/04/26 15:19:29,543] --> ======>start sendLastNetTime time is:2018-04-26 15:19:29
[18/04/26 15:19:29,543] --> ======>start notice time is:2018-04-26 15:19:29
[18/04/26 15:19:55,909] --> +++开始  消息发送(周特惠礼包) 当当当++::Thu Apr 26 15:19:55 CST 2018 -- now::Thu Apr 26 15:19:55 CST 2018
[18/04/26 15:20:29,529] --> ======>start HeartBeatServer time is:2018-04-26 15:20:29
[18/04/26 15:20:29,529] --> ======>start sendLastNetTime time is:2018-04-26 15:20:29
[18/04/26 15:20:29,533] --> ======>start notice time is:2018-04-26 15:20:29
[18/04/26 15:21:29,503] --> ======>start HeartBeatServer time is:2018-04-26 15:21:29
[18/04/26 15:21:29,503] --> ======>start sendLastNetTime time is:2018-04-26 15:21:29
[18/04/26 15:21:29,504] --> ======>start notice time is:2018-04-26 15:21:29
[18/04/26 15:22:29,490] --> ======>start HeartBeatServer time is:2018-04-26 15:22:29
[18/04/26 15:22:29,490] --> ======>start sendLastNetTime time is:2018-04-26 15:22:29
[18/04/26 15:22:29,491] --> ======>start notice time is:2018-04-26 15:22:29
[18/04/26 15:23:29,470] --> ======>start HeartBeatServer time is:2018-04-26 15:23:29
[18/04/26 15:23:29,470] --> ======>start sendLastNetTime time is:2018-04-26 15:23:29
[18/04/26 15:23:29,470] --> ======>start notice time is:2018-04-26 15:23:29
[18/04/26 15:24:29,466] --> ======>start HeartBeatServer time is:2018-04-26 15:24:29
[18/04/26 15:24:29,466] --> ======>start sendLastNetTime time is:2018-04-26 15:24:29
[18/04/26 15:24:29,466] --> ======>start notice time is:2018-04-26 15:24:29
[18/04/26 15:25:29,442] --> ======>start HeartBeatServer time is:2018-04-26 15:25:29
[18/04/26 15:25:29,442] --> ======>start sendLastNetTime time is:2018-04-26 15:25:29
[18/04/26 15:25:29,442] --> ======>start notice time is:2018-04-26 15:25:29
[18/04/26 15:26:29,402] --> ======>start HeartBeatServer time is:2018-04-26 15:26:29
[18/04/26 15:26:29,402] --> ======>start sendLastNetTime time is:2018-04-26 15:26:29
[18/04/26 15:26:29,402] --> ======>start notice time is:2018-04-26 15:26:29
[18/04/26 15:27:29,566] --> ======>start HeartBeatServer time is:2018-04-26 15:27:29
[18/04/26 15:27:29,566] --> ======>start sendLastNetTime time is:2018-04-26 15:27:29
[18/04/26 15:27:29,567] --> ======>start notice time is:2018-04-26 15:27:29
[18/04/26 15:28:29,550] --> ======>start HeartBeatServer time is:2018-04-26 15:28:29
[18/04/26 15:28:29,550] --> ======>start sendLastNetTime time is:2018-04-26 15:28:29
[18/04/26 15:28:29,550] --> ======>start notice time is:2018-04-26 15:28:29
[18/04/26 15:29:29,429] --> ======>start HeartBeatServer time is:2018-04-26 15:29:29
[18/04/26 15:29:29,429] --> ======>start sendLastNetTime time is:2018-04-26 15:29:29
[18/04/26 15:29:29,429] --> ======>start notice time is:2018-04-26 15:29:29
[18/04/26 15:30:29,402] --> ======>start HeartBeatServer time is:2018-04-26 15:30:29
[18/04/26 15:30:29,402] --> ======>start sendLastNetTime time is:2018-04-26 15:30:29
[18/04/26 15:30:29,402] --> ======>start notice time is:2018-04-26 15:30:29
[18/04/26 15:31:29,589] --> ======>start HeartBeatServer time is:2018-04-26 15:31:29
[18/04/26 15:31:29,591] --> ======>start sendLastNetTime time is:2018-04-26 15:31:29
[18/04/26 15:31:29,596] --> ======>start notice time is:2018-04-26 15:31:29
[18/04/26 15:32:24,628] --> +++开始  消息发送(周特惠礼包) 当当当++::Thu Apr 26 15:32:24 CST 2018 -- now::Thu Apr 26 15:32:24 CST 2018
[18/04/26 15:32:24,628] --> scheduleOnce date:Fri Apr 27 15:32:24 CST 2018 scheduleEnum:周 月 特惠充值活动 schedule:com.gameserver.activity.ScheduleRegularTime@6e708161
[18/04/26 15:32:24,630] --> +++开始  消息发送(周特惠礼包) 当当当++::Thu Apr 26 15:32:24 CST 2018 -- now::Thu Apr 26 15:32:24 CST 2018
[18/04/26 15:32:24,630] --> scheduleOnce date:Sun Apr 29 15:32:24 CST 2018 scheduleEnum:周 月 特惠充值活动 schedule:com.gameserver.activity.ScheduleRegularTime@3cec8757
[18/04/26 15:32:29,563] --> ======>start HeartBeatServer time is:2018-04-26 15:32:29
[18/04/26 15:32:29,563] --> ======>start sendLastNetTime time is:2018-04-26 15:32:29
[18/04/26 15:32:29,563] --> ======>start notice time is:2018-04-26 15:32:29
[18/04/26 15:33:29,574] --> ======>start HeartBeatServer time is:2018-04-26 15:33:29
[18/04/26 15:33:29,574] --> ======>start sendLastNetTime time is:2018-04-26 15:33:29
[18/04/26 15:33:29,575] --> ======>start notice time is:2018-04-26 15:33:29
[18/04/26 15:34:29,590] --> ======>start HeartBeatServer time is:2018-04-26 15:34:29
[18/04/26 15:34:29,590] --> ======>start sendLastNetTime time is:2018-04-26 15:34:29
[18/04/26 15:34:29,590] --> ======>start notice time is:2018-04-26 15:34:29
[18/04/26 15:35:29,428] --> ======>start HeartBeatServer time is:2018-04-26 15:35:29
[18/04/26 15:35:29,428] --> ======>start sendLastNetTime time is:2018-04-26 15:35:29
[18/04/26 15:35:29,428] --> ======>start notice time is:2018-04-26 15:35:29
[18/04/26 15:36:29,421] --> ======>start HeartBeatServer time is:2018-04-26 15:36:29
[18/04/26 15:36:29,423] --> ======>start sendLastNetTime time is:2018-04-26 15:36:29
[18/04/26 15:36:29,423] --> ======>start notice time is:2018-04-26 15:36:29
[18/04/26 15:37:29,424] --> ======>start HeartBeatServer time is:2018-04-26 15:37:29
[18/04/26 15:37:29,424] --> ======>start sendLastNetTime time is:2018-04-26 15:37:29
[18/04/26 15:37:29,424] --> ======>start notice time is:2018-04-26 15:37:29
[18/04/26 15:38:29,407] --> ======>start HeartBeatServer time is:2018-04-26 15:38:29
[18/04/26 15:38:29,407] --> ======>start sendLastNetTime time is:2018-04-26 15:38:29
[18/04/26 15:38:29,407] --> ======>start notice time is:2018-04-26 15:38:29
[18/04/26 15:39:29,586] --> ======>start HeartBeatServer time is:2018-04-26 15:39:29
[18/04/26 15:39:29,586] --> ======>start sendLastNetTime time is:2018-04-26 15:39:29
[18/04/26 15:39:29,587] --> ======>start notice time is:2018-04-26 15:39:29
[18/04/26 15:40:29,545] --> ======>start HeartBeatServer time is:2018-04-26 15:40:29
[18/04/26 15:40:29,545] --> ======>start sendLastNetTime time is:2018-04-26 15:40:29
[18/04/26 15:40:29,545] --> ======>start notice time is:2018-04-26 15:40:29
[18/04/26 15:41:29,544] --> ======>start HeartBeatServer time is:2018-04-26 15:41:29
[18/04/26 15:41:29,544] --> ======>start sendLastNetTime time is:2018-04-26 15:41:29
[18/04/26 15:41:29,544] --> ======>start notice time is:2018-04-26 15:41:29
[18/04/26 15:41:53,471] --> +++开始  消息发送(周特惠礼包) 当当当++::Thu Apr 26 15:41:53 CST 2018 -- now::Thu Apr 26 15:41:53 CST 2018
[18/04/26 15:41:53,471] --> scheduleOnce date:Fri Apr 27 15:41:53 CST 2018 scheduleEnum:周 月 特惠充值活动 schedule:com.gameserver.activity.ScheduleRegularTime@251920b3
[18/04/26 15:41:53,473] --> +++开始  消息发送(周特惠礼包) 当当当++::Thu Apr 26 15:41:53 CST 2018 -- now::Thu Apr 26 15:41:53 CST 2018
[18/04/26 15:41:53,473] --> scheduleOnce date:Sun Apr 29 15:41:53 CST 2018 scheduleEnum:周 月 特惠充值活动 schedule:com.gameserver.activity.ScheduleRegularTime@6913f1a6
[18/04/26 15:42:29,501] --> ======>start HeartBeatServer time is:2018-04-26 15:42:29
[18/04/26 15:42:29,501] --> ======>start sendLastNetTime time is:2018-04-26 15:42:29
[18/04/26 15:42:29,501] --> ======>start notice time is:2018-04-26 15:42:29
[18/04/26 15:43:29,463] --> ======>start HeartBeatServer time is:2018-04-26 15:43:29
[18/04/26 15:43:29,464] --> ======>start sendLastNetTime time is:2018-04-26 15:43:29
[18/04/26 15:43:29,465] --> ======>start notice time is:2018-04-26 15:43:29
[18/04/26 15:44:10,877] --> +++开始  消息发送(周特惠礼包) 当当当++::Thu Apr 26 15:44:10 CST 2018 -- now::Thu Apr 26 15:44:10 CST 2018
[18/04/26 15:44:10,877] --> scheduleOnce date:Fri Apr 27 15:44:10 CST 2018 scheduleEnum:周 月 特惠充值活动 schedule:com.gameserver.activity.ScheduleRegularTime@54fac8f2
[18/04/26 15:44:10,879] --> +++开始  消息发送(周特惠礼包) 当当当++::Thu Apr 26 15:44:10 CST 2018 -- now::Thu Apr 26 15:44:10 CST 2018
[18/04/26 15:44:10,880] --> scheduleOnce date:Sun Apr 29 15:44:10 CST 2018 scheduleEnum:周 月 特惠充值活动 schedule:com.gameserver.activity.ScheduleRegularTime@537fa6a0
[18/04/26 15:44:29,484] --> ======>start HeartBeatServer time is:2018-04-26 15:44:29
[18/04/26 15:44:29,484] --> ======>start sendLastNetTime time is:2018-04-26 15:44:29
[18/04/26 15:44:29,484] --> ======>start notice time is:2018-04-26 15:44:29
[18/04/26 15:44:49,205] --> +++开始  消息发送(周特惠礼包) 当当当++::Thu Apr 26 15:44:49 CST 2018 -- now::Thu Apr 26 15:44:49 CST 2018
[18/04/26 15:44:49,205] --> scheduleOnce date:Fri Apr 27 15:44:49 CST 2018 scheduleEnum:周 月 特惠充值活动 schedule:com.gameserver.activity.ScheduleRegularTime@15d2552f
[18/04/26 15:44:49,207] --> +++开始  消息发送(周特惠礼包) 当当当++::Thu Apr 26 15:44:49 CST 2018 -- now::Thu Apr 26 15:44:49 CST 2018
[18/04/26 15:44:49,208] --> scheduleOnce date:Sun Apr 29 15:44:49 CST 2018 scheduleEnum:周 月 特惠充值活动 schedule:com.gameserver.activity.ScheduleRegularTime@7de4cb6e
[18/04/26 15:45:29,488] --> ======>start HeartBeatServer time is:2018-04-26 15:45:29
[18/04/26 15:45:29,488] --> ======>start sendLastNetTime time is:2018-04-26 15:45:29
[18/04/26 15:45:29,488] --> ======>start notice time is:2018-04-26 15:45:29
[18/04/26 15:46:29,490] --> ======>start HeartBeatServer time is:2018-04-26 15:46:29
[18/04/26 15:46:29,490] --> ======>start sendLastNetTime time is:2018-04-26 15:46:29
[18/04/26 15:46:29,491] --> ======>start notice time is:2018-04-26 15:46:29
[18/04/26 15:47:29,501] --> ======>start HeartBeatServer time is:2018-04-26 15:47:29
[18/04/26 15:47:29,501] --> ======>start sendLastNetTime time is:2018-04-26 15:47:29
[18/04/26 15:47:29,501] --> ======>start notice time is:2018-04-26 15:47:29
[18/04/26 15:48:29,547] --> ======>start HeartBeatServer time is:2018-04-26 15:48:29
[18/04/26 15:48:29,547] --> ======>start sendLastNetTime time is:2018-04-26 15:48:29
[18/04/26 15:48:29,547] --> ======>start notice time is:2018-04-26 15:48:29
[18/04/26 15:49:29,515] --> ======>start HeartBeatServer time is:2018-04-26 15:49:29
[18/04/26 15:49:29,515] --> ======>start sendLastNetTime time is:2018-04-26 15:49:29
[18/04/26 15:49:29,516] --> ======>start notice time is:2018-04-26 15:49:29
[18/04/26 15:50:29,541] --> ======>start HeartBeatServer time is:2018-04-26 15:50:29
[18/04/26 15:50:29,542] --> ======>start sendLastNetTime time is:2018-04-26 15:50:29
[18/04/26 15:50:29,542] --> ======>start notice time is:2018-04-26 15:50:29
[18/04/26 15:51:29,524] --> ======>start HeartBeatServer time is:2018-04-26 15:51:29
[18/04/26 15:51:29,524] --> ======>start sendLastNetTime time is:2018-04-26 15:51:29
[18/04/26 15:51:29,526] --> ======>start notice time is:2018-04-26 15:51:29
[18/04/26 15:52:29,529] --> ======>start HeartBeatServer time is:2018-04-26 15:52:29
[18/04/26 15:52:29,530] --> ======>start sendLastNetTime time is:2018-04-26 15:52:29
[18/04/26 15:52:29,530] --> ======>start notice time is:2018-04-26 15:52:29
[18/04/26 15:53:29,536] --> ======>start HeartBeatServer time is:2018-04-26 15:53:29
[18/04/26 15:53:29,536] --> ======>start sendLastNetTime time is:2018-04-26 15:53:29
[18/04/26 15:53:29,539] --> ======>start notice time is:2018-04-26 15:53:29
[18/04/26 15:54:29,547] --> ======>start HeartBeatServer time is:2018-04-26 15:54:29
[18/04/26 15:54:29,547] --> ======>start sendLastNetTime time is:2018-04-26 15:54:29
[18/04/26 15:54:29,547] --> ======>start notice time is:2018-04-26 15:54:29
[18/04/26 15:55:29,442] --> ======>start HeartBeatServer time is:2018-04-26 15:55:29
[18/04/26 15:55:29,442] --> ======>start sendLastNetTime time is:2018-04-26 15:55:29
[18/04/26 15:55:29,446] --> ======>start notice time is:2018-04-26 15:55:29
[18/04/26 15:56:29,441] --> ======>start HeartBeatServer time is:2018-04-26 15:56:29
[18/04/26 15:56:29,443] --> ======>start sendLastNetTime time is:2018-04-26 15:56:29
[18/04/26 15:56:29,443] --> ======>start notice time is:2018-04-26 15:56:29
[18/04/26 15:57:29,512] --> ======>start HeartBeatServer time is:2018-04-26 15:57:29
[18/04/26 15:57:29,512] --> ======>start sendLastNetTime time is:2018-04-26 15:57:29
[18/04/26 15:57:29,512] --> ======>start notice time is:2018-04-26 15:57:29
[18/04/26 15:58:29,531] --> ======>start HeartBeatServer time is:2018-04-26 15:58:29
[18/04/26 15:58:29,533] --> ======>start sendLastNetTime time is:2018-04-26 15:58:29
[18/04/26 15:58:29,533] --> ======>start notice time is:2018-04-26 15:58:29
[18/04/26 15:59:29,506] --> ======>start HeartBeatServer time is:2018-04-26 15:59:29
[18/04/26 15:59:29,507] --> ======>start sendLastNetTime time is:2018-04-26 15:59:29
[18/04/26 15:59:29,508] --> ======>start notice time is:2018-04-26 15:59:29
[18/04/26 16:00:29,475] --> ======>start HeartBeatServer time is:2018-04-26 16:00:29
[18/04/26 16:00:29,475] --> ======>start sendLastNetTime time is:2018-04-26 16:00:29
[18/04/26 16:00:29,475] --> ======>start notice time is:2018-04-26 16:00:29
[18/04/26 16:01:29,451] --> ======>start HeartBeatServer time is:2018-04-26 16:01:29
[18/04/26 16:01:29,452] --> ======>start sendLastNetTime time is:2018-04-26 16:01:29
[18/04/26 16:01:29,452] --> ======>start notice time is:2018-04-26 16:01:29
[18/04/26 16:02:29,416] --> ======>start HeartBeatServer time is:2018-04-26 16:02:29
[18/04/26 16:02:29,416] --> ======>start sendLastNetTime time is:2018-04-26 16:02:29
[18/04/26 16:02:29,417] --> ======>start notice time is:2018-04-26 16:02:29
[18/04/26 16:03:29,427] --> ======>start HeartBeatServer time is:2018-04-26 16:03:29
[18/04/26 16:03:29,427] --> ======>start sendLastNetTime time is:2018-04-26 16:03:29
[18/04/26 16:03:29,428] --> ======>start notice time is:2018-04-26 16:03:29
[18/04/26 16:04:29,471] --> ======>start HeartBeatServer time is:2018-04-26 16:04:29
[18/04/26 16:04:29,471] --> ======>start sendLastNetTime time is:2018-04-26 16:04:29
[18/04/26 16:04:29,471] --> ======>start notice time is:2018-04-26 16:04:29
[18/04/26 16:05:29,517] --> ======>start HeartBeatServer time is:2018-04-26 16:05:29
[18/04/26 16:05:29,517] --> ======>start sendLastNetTime time is:2018-04-26 16:05:29
[18/04/26 16:05:29,518] --> ======>start notice time is:2018-04-26 16:05:29
[18/04/26 16:06:29,510] --> ======>start HeartBeatServer time is:2018-04-26 16:06:29
[18/04/26 16:06:29,510] --> ======>start sendLastNetTime time is:2018-04-26 16:06:29
[18/04/26 16:06:29,511] --> ======>start notice time is:2018-04-26 16:06:29
[18/04/26 16:07:29,477] --> ======>start HeartBeatServer time is:2018-04-26 16:07:29
[18/04/26 16:07:29,478] --> ======>start sendLastNetTime time is:2018-04-26 16:07:29
[18/04/26 16:07:29,478] --> ======>start notice time is:2018-04-26 16:07:29
[18/04/26 16:08:29,488] --> ======>start HeartBeatServer time is:2018-04-26 16:08:29
[18/04/26 16:08:29,488] --> ======>start sendLastNetTime time is:2018-04-26 16:08:29
[18/04/26 16:08:29,488] --> ======>start notice time is:2018-04-26 16:08:29
[18/04/26 16:09:29,472] --> ======>start HeartBeatServer time is:2018-04-26 16:09:29
[18/04/26 16:09:29,472] --> ======>start sendLastNetTime time is:2018-04-26 16:09:29
[18/04/26 16:09:29,473] --> ======>start notice time is:2018-04-26 16:09:29
[18/04/26 16:10:29,471] --> ======>start HeartBeatServer time is:2018-04-26 16:10:29
[18/04/26 16:10:29,471] --> ======>start sendLastNetTime time is:2018-04-26 16:10:29
[18/04/26 16:10:29,472] --> ======>start notice time is:2018-04-26 16:10:29
[18/04/26 16:11:29,459] --> ======>start HeartBeatServer time is:2018-04-26 16:11:29
[18/04/26 16:11:29,459] --> ======>start sendLastNetTime time is:2018-04-26 16:11:29
[18/04/26 16:11:29,460] --> ======>start notice time is:2018-04-26 16:11:29
[18/04/26 16:12:29,474] --> ======>start HeartBeatServer time is:2018-04-26 16:12:29
[18/04/26 16:12:29,474] --> ======>start sendLastNetTime time is:2018-04-26 16:12:29
[18/04/26 16:12:29,474] --> ======>start notice time is:2018-04-26 16:12:29
[18/04/26 16:13:29,451] --> ======>start HeartBeatServer time is:2018-04-26 16:13:29
[18/04/26 16:13:29,451] --> ======>start sendLastNetTime time is:2018-04-26 16:13:29
[18/04/26 16:13:29,451] --> ======>start notice time is:2018-04-26 16:13:29
[18/04/26 16:14:29,410] --> ======>start HeartBeatServer time is:2018-04-26 16:14:29
[18/04/26 16:14:29,412] --> ======>start sendLastNetTime time is:2018-04-26 16:14:29
[18/04/26 16:14:29,412] --> ======>start notice time is:2018-04-26 16:14:29
[18/04/26 16:15:29,400] --> ======>start HeartBeatServer time is:2018-04-26 16:15:29
[18/04/26 16:15:29,401] --> ======>start sendLastNetTime time is:2018-04-26 16:15:29
[18/04/26 16:15:29,401] --> ======>start notice time is:2018-04-26 16:15:29
[18/04/26 16:16:29,585] --> ======>start HeartBeatServer time is:2018-04-26 16:16:29
[18/04/26 16:16:29,585] --> ======>start sendLastNetTime time is:2018-04-26 16:16:29
[18/04/26 16:16:29,586] --> ======>start notice time is:2018-04-26 16:16:29
[18/04/26 16:17:29,589] --> ======>start HeartBeatServer time is:2018-04-26 16:17:29
[18/04/26 16:17:29,590] --> ======>start sendLastNetTime time is:2018-04-26 16:17:29
[18/04/26 16:17:29,590] --> ======>start notice time is:2018-04-26 16:17:29
[18/04/26 16:18:29,563] --> ======>start HeartBeatServer time is:2018-04-26 16:18:29
[18/04/26 16:18:29,563] --> ======>start sendLastNetTime time is:2018-04-26 16:18:29
[18/04/26 16:18:29,564] --> ======>start notice time is:2018-04-26 16:18:29
[18/04/26 16:19:29,530] --> ======>start HeartBeatServer time is:2018-04-26 16:19:29
[18/04/26 16:19:29,530] --> ======>start sendLastNetTime time is:2018-04-26 16:19:29
[18/04/26 16:19:29,531] --> ======>start notice time is:2018-04-26 16:19:29
[18/04/26 16:20:04,555] --> +++开始  消息发送(周特惠礼包) 当当当++::Thu Apr 26 16:20:04 CST 2018 -- now::Thu Apr 26 16:20:04 CST 2018
[18/04/26 16:20:04,559] --> +++开始  消息发送(周特惠礼包) 当当当++::Thu Apr 26 16:20:04 CST 2018 -- now::Thu Apr 26 16:20:04 CST 2018
[18/04/26 16:20:29,506] --> ======>start HeartBeatServer time is:2018-04-26 16:20:29
[18/04/26 16:20:29,506] --> ======>start sendLastNetTime time is:2018-04-26 16:20:29
[18/04/26 16:20:29,506] --> ======>start notice time is:2018-04-26 16:20:29
