[18/04/13 11:41:24,159] --> redis service init
[18/04/13 11:41:24,182] --> redis[127.0.0.1:6379 service init successfully
[18/04/13 11:41:24,184] --> ServerRedisMsgProcessor initialized successfully!
[18/04/13 11:41:24,933] --> redis service after init
[18/04/13 11:41:25,614] --> begin start redis sub thread
[18/04/13 11:41:25,614] --> end start redis sub thread
[18/04/13 11:41:25,975] --> subscribe [server.100001],server.100001=1
[18/04/13 11:41:25,987] --> subscribe [broadcast],broadcast=2
[18/04/13 11:44:15,145] --> redis service init
[18/04/13 11:44:15,178] --> redis[127.0.0.1:6379 service init successfully
[18/04/13 11:44:15,180] --> ServerRedisMsgProcessor initialized successfully!
[18/04/13 11:44:16,067] --> redis service after init
[18/04/13 11:44:16,557] --> begin start redis sub thread
[18/04/13 11:44:16,557] --> end start redis sub thread
[18/04/13 11:44:16,775] --> subscribe [server.100001],server.100001=1
[18/04/13 11:44:16,775] --> subscribe [broadcast],broadcast=2
[18/04/13 11:47:08,347] --> redis service init
[18/04/13 11:47:08,375] --> redis[127.0.0.1:6379 service init successfully
[18/04/13 11:47:08,378] --> ServerRedisMsgProcessor initialized successfully!
[18/04/13 11:47:09,133] --> redis service after init
[18/04/13 11:47:09,709] --> begin start redis sub thread
[18/04/13 11:47:09,710] --> end start redis sub thread
[18/04/13 11:47:09,923] --> subscribe [server.100001],server.100001=1
[18/04/13 11:47:09,926] --> subscribe [broadcast],broadcast=2
[18/04/13 11:55:19,553] --> redis service init
[18/04/13 11:55:19,588] --> redis[127.0.0.1:6379 service init successfully
[18/04/13 11:55:19,591] --> ServerRedisMsgProcessor initialized successfully!
[18/04/13 11:55:20,447] --> redis service after init
[18/04/13 11:55:20,872] --> begin start redis sub thread
[18/04/13 11:55:20,872] --> end start redis sub thread
[18/04/13 11:55:21,121] --> subscribe [server.100001],server.100001=1
[18/04/13 11:55:21,122] --> subscribe [broadcast],broadcast=2
[18/04/13 17:02:47,209] --> redis service init
[18/04/13 17:02:47,253] --> redis[127.0.0.1:6379 service init successfully
[18/04/13 17:02:47,260] --> ServerRedisMsgProcessor initialized successfully!
[18/04/13 17:02:48,418] --> redis service after init
[18/04/13 17:02:49,133] --> begin start redis sub thread
[18/04/13 17:02:49,133] --> end start redis sub thread
[18/04/13 17:02:49,737] --> subscribe [server.100001],server.100001=1
[18/04/13 17:02:49,738] --> subscribe [broadcast],broadcast=2
[18/04/13 17:04:18,101] --> redis service init
[18/04/13 17:04:18,150] --> redis[127.0.0.1:6379 service init successfully
[18/04/13 17:04:18,161] --> ServerRedisMsgProcessor initialized successfully!
[18/04/13 17:04:19,116] --> redis service after init
[18/04/13 17:04:19,643] --> begin start redis sub thread
[18/04/13 17:04:19,643] --> end start redis sub thread
[18/04/13 17:04:19,930] --> subscribe [server.100001],server.100001=1
[18/04/13 17:04:19,931] --> subscribe [broadcast],broadcast=2
[18/04/13 17:05:39,803] --> redis service init
[18/04/13 17:05:39,829] --> redis[127.0.0.1:6379 service init successfully
[18/04/13 17:05:39,830] --> ServerRedisMsgProcessor initialized successfully!
[18/04/13 17:05:40,667] --> redis service after init
[18/04/13 17:05:41,345] --> begin start redis sub thread
[18/04/13 17:05:41,345] --> end start redis sub thread
[18/04/13 17:05:41,696] --> subscribe [server.100001],server.100001=1
[18/04/13 17:05:41,696] --> subscribe [broadcast],broadcast=2
[18/04/13 17:06:59,616] --> redis service init
[18/04/13 17:06:59,641] --> redis[127.0.0.1:6379 service init successfully
[18/04/13 17:06:59,644] --> ServerRedisMsgProcessor initialized successfully!
[18/04/13 17:07:00,347] --> redis service after init
[18/04/13 17:07:01,058] --> begin start redis sub thread
[18/04/13 17:07:01,058] --> end start redis sub thread
[18/04/13 17:07:01,470] --> subscribe [server.100001],server.100001=1
[18/04/13 17:07:01,470] --> subscribe [broadcast],broadcast=2
[18/04/13 17:16:23,073] --> redis service init
[18/04/13 17:16:23,105] --> redis[127.0.0.1:6379 service init successfully
[18/04/13 17:16:23,108] --> ServerRedisMsgProcessor initialized successfully!
[18/04/13 17:16:24,220] --> redis service after init
[18/04/13 17:16:24,953] --> begin start redis sub thread
[18/04/13 17:16:24,953] --> end start redis sub thread
[18/04/13 17:16:25,324] --> subscribe [server.100001],server.100001=1
[18/04/13 17:16:25,324] --> subscribe [broadcast],broadcast=2
[18/04/13 17:25:12,425] --> server.100001={"cmd":"MailAddRedisMessage","payload":"{\"mailEntity\":{\"attachmentPack\":\"[{\\\"giftNewId\\\":8,\\\"rewardCount\\\":980000,\\\"rewardId\\\":3,\\\"vippoint\\\":0}]\",\"charId\":1696,\"content\":\"haohaoho\",\"createTime\":1523611512334,\"deleted\":0,\"hasAttachment\":1,\"head\":\"head_3.png\",\"id\":6390489860630283266,\"mailStatus\":0,\"mailType\":4,\"recId\":1696,\"recName\":\"\",\"sendId\":1407,\"sendName\":\"Guest1407\",\"title\":\"\",\"updateTime\":0}}"}
