[18/04/10 09:52:43,640] --> TemplateConfig [classes=[class com.gameserver.scene.template.CityTemplate], fileName=city.xls]
[18/04/10 09:52:43,643] --> loading template city.xls
[18/04/10 09:52:43,666] --> TemplateConfig [classes=[class com.gameserver.common.template.ConfigTemplate], fileName=Config.xls]
[18/04/10 09:52:43,666] --> loading template Config.xls
[18/04/10 09:52:43,703] --> TemplateConfig [classes=[class com.gameserver.common.template.Dirtywords], fileName=dirtywords.xls]
[18/04/10 09:52:43,704] --> loading template dirtywords.xls
[18/04/10 09:52:44,152] --> TemplateConfig [classes=[class com.gameserver.texas.template.TexasRoomTemplate, class com.gameserver.texas.template.TexasRoomConfigTemplate, class com.gameserver.texas.template.TexasJackpotTemplate], fileName=TexasRoom.xls]
[18/04/10 09:52:44,153] --> loading template TexasRoom.xls
[18/04/10 09:52:44,186] --> TemplateConfig [classes=[class com.gameserver.human.template.RoleExpTemplate], fileName=RoleExp.xls]
[18/04/10 09:52:44,186] --> loading template RoleExp.xls
[18/04/10 09:52:44,286] --> TemplateConfig [classes=[class com.gameserver.shop.template.ShopTemplate], fileName=Shop.xls]
[18/04/10 09:52:44,287] --> loading template Shop.xls
[18/04/10 09:52:44,303] --> TemplateConfig [classes=[class com.gameserver.item.template.ItemTemplate, class com.gameserver.item.template.InteractiveItemTemplate, class com.gameserver.item.template.ItemCostTemplate], fileName=Item.xls]
[18/04/10 09:52:44,303] --> loading template Item.xls
[18/04/10 09:52:44,323] --> TemplateConfig [classes=[class com.gameserver.signin.template.SignInTemplate, class com.gameserver.signin.template.CumulativeSignInTemplate], fileName=signIn.xls]
[18/04/10 09:52:44,323] --> loading template signIn.xls
[18/04/10 09:52:44,343] --> TemplateConfig [classes=[class com.gameserver.misc.template.OnlineRewardTemplate], fileName=onlineRewards.xls]
[18/04/10 09:52:44,343] --> loading template onlineRewards.xls
[18/04/10 09:52:44,346] --> TemplateConfig [classes=[class com.gameserver.vip.template.VipTemplate, class com.gameserver.vip.template.VipRoomTemplate], fileName=vip.xls]
[18/04/10 09:52:44,346] --> loading template vip.xls
[18/04/10 09:52:44,359] --> TemplateConfig [classes=[class com.gameserver.vipnew.template.VipNewTemplate], fileName=vipNew.xls]
[18/04/10 09:52:44,360] --> loading template vipNew.xls
[18/04/10 09:52:44,363] --> TemplateConfig [classes=[class com.gameserver.recharge.template.RechargeTemplate], fileName=recharge.xls]
[18/04/10 09:52:44,363] --> loading template recharge.xls
[18/04/10 09:52:44,371] --> TemplateConfig [classes=[class com.gameserver.task.template.DailyTaskTemplate, class com.gameserver.task.template.DailyExtraTemplate], fileName=task.xls]
[18/04/10 09:52:44,371] --> loading template task.xls
[18/04/10 09:52:44,418] --> TemplateConfig [classes=[class com.gameserver.texas.template.SngMatchTemplate, class com.gameserver.texas.template.SngMatchConfigTemplate], fileName=match.xls]
[18/04/10 09:52:44,418] --> loading template match.xls
[18/04/10 09:52:44,428] --> TemplateConfig [classes=[class com.gameserver.baccart.template.BaccaratRoomTemplate, class com.gameserver.baccart.template.BaccaratConfigTemplate, class com.gameserver.baccart.template.JackpotTemplate], fileName=baccaratRoom.xls]
[18/04/10 09:52:44,428] --> loading template baccaratRoom.xls
[18/04/10 09:52:44,486] --> TemplateConfig [classes=[class com.gameserver.luckyspin.template.TurntableTemplate, class com.gameserver.luckyspin.template.TurntableExtra], fileName=turntable.xls]
[18/04/10 09:52:44,487] --> loading template turntable.xls
[18/04/10 09:52:44,501] --> TemplateConfig [classes=[class com.gameserver.luckyspin.template.LuckyMatchTemplate], fileName=luckyMatch.xls]
[18/04/10 09:52:44,501] --> loading template luckyMatch.xls
[18/04/10 09:52:44,505] --> TemplateConfig [classes=[class com.gameserver.slot.template.PaylinesTemplate], fileName=payLines.xls]
[18/04/10 09:52:44,505] --> loading template payLines.xls
[18/04/10 09:52:44,533] --> TemplateConfig [classes=[class com.gameserver.slot.template.SlotsTemplate, class com.gameserver.slot.template.ReelTemplate, class com.gameserver.slot.template.PayTemplate, class com.gameserver.slot.template.SlotJackpotTemplate, class com.gameserver.slot.template.SlotJackpotNewTemplate], fileName=slots.xls]
[18/04/10 09:52:44,535] --> loading template slots.xls
[18/04/10 09:52:45,006] --> TemplateConfig [classes=[class com.gameserver.slot.template.SlotsListTemplate], fileName=slotsList.xls]
[18/04/10 09:52:45,007] --> loading template slotsList.xls
[18/04/10 09:52:45,093] --> TemplateConfig [classes=[class com.gameserver.slot.template.BounsGameTemplate], fileName=bounsGame.xls]
[18/04/10 09:52:45,094] --> loading template bounsGame.xls
[18/04/10 09:52:45,096] --> TemplateConfig [classes=[class com.gameserver.slot.template.WinMultipleTemplate], fileName=winMultiple.xls]
[18/04/10 09:52:45,096] --> loading template winMultiple.xls
[18/04/10 09:52:45,099] --> TemplateConfig [classes=[class com.gameserver.slot.template.ScatterWheel, class com.gameserver.slot.template.WheelType, class com.gameserver.slot.template.GoldBonusTemplate, class com.gameserver.slot.template.BigWheelTemplate], fileName=scatterWheel.xls]
[18/04/10 09:52:45,099] --> loading template scatterWheel.xls
[18/04/10 09:52:45,124] --> TemplateConfig [classes=[class com.gameserver.slot.template.ScatterTemplate, class com.gameserver.slot.template.BoxTemplate], fileName=scatterGame.xls]
[18/04/10 09:52:45,125] --> loading template scatterGame.xls
[18/04/10 09:52:45,155] --> TemplateConfig [classes=[class com.gameserver.misc.template.FbInviteTemplate], fileName=fbInvite.xls]
[18/04/10 09:52:45,155] --> loading template fbInvite.xls
[18/04/10 09:52:45,158] --> TemplateConfig [classes=[class com.gameserver.ranknew.template.RankListTemplate], fileName=rankList.xls]
[18/04/10 09:52:45,158] --> loading template rankList.xls
[18/04/10 09:52:45,166] --> TemplateConfig [classes=[class com.gameserver.gift.template.GiftTemplate], fileName=gift.xls]
[18/04/10 09:52:45,167] --> loading template gift.xls
[18/04/10 09:52:45,170] --> TemplateConfig [classes=[class com.gameserver.achievement.template.AchievementTemplate], fileName=achievement.xls]
[18/04/10 09:52:45,170] --> loading template achievement.xls
[18/04/10 09:52:45,236] --> TemplateConfig [classes=[class com.gameserver.human.template.VideoRewardTemplate], fileName=videoReward.xls]
[18/04/10 09:52:45,236] --> loading template videoReward.xls
[18/04/10 09:52:45,239] --> TemplateConfig [classes=[class com.gameserver.slot.template.RiyuetanMultipleTemplate], fileName=riyuetanMultiple.xls]
[18/04/10 09:52:45,239] --> loading template riyuetanMultiple.xls
[18/04/10 09:52:45,241] --> TemplateConfig [classes=[class com.gameserver.slot.template.ScatterMultipleTemplate], fileName=scatterMultiple.xls]
[18/04/10 09:52:45,241] --> loading template scatterMultiple.xls
[18/04/10 09:52:45,244] --> TemplateConfig [classes=[class com.gameserver.slot.template.BounsZeusTemplate, class com.gameserver.slot.template.BounsZeusRewardTemplate], fileName=bounsZeus.xls]
[18/04/10 09:52:45,244] --> loading template bounsZeus.xls
[18/04/10 09:52:45,253] --> TemplateConfig [classes=[class com.gameserver.slot.template.MagicSymbolTemplate], fileName=magicSymbol.xls]
[18/04/10 09:52:45,253] --> loading template magicSymbol.xls
[18/04/10 09:52:45,258] --> TemplateConfig [classes=[class com.gameserver.slot.template.BonusStoneAgeTemplate, class com.gameserver.slot.template.BonusStoneAgeRewardTemplate], fileName=bounsStoneAge.xls]
[18/04/10 09:52:45,259] --> loading template bounsStoneAge.xls
[18/04/10 09:52:45,261] --> TemplateConfig [classes=[class com.gameserver.slot.template.BonusStoneAgeOptimizeTemplate, class com.gameserver.slot.template.BonusStoneAgeAppleTemplate, class com.gameserver.slot.template.BonusStoneAgeRuneTemplate, class com.gameserver.slot.template.BonusStoneAgePreyTemplate], fileName=bounsStoneAgeOptimize.xls]
[18/04/10 09:52:45,262] --> loading template bounsStoneAgeOptimize.xls
[18/04/10 09:52:45,267] --> TemplateConfig [classes=[class com.gameserver.slot.template.BounsSphinxTemplate, class com.gameserver.slot.template.BounsSphinxRewardTemplate], fileName=bounsSphinx.xls]
[18/04/10 09:52:45,267] --> loading template bounsSphinx.xls
[18/04/10 09:52:45,273] --> TemplateConfig [classes=[class com.gameserver.slot.template.WildSphinxTemplate], fileName=wildSphinx.xls]
[18/04/10 09:52:45,273] --> loading template wildSphinx.xls
[18/04/10 09:52:45,275] --> TemplateConfig [classes=[class com.gameserver.slot.template.BonusAztecTemplate], fileName=bonusAztec.xls]
[18/04/10 09:52:45,275] --> loading template bonusAztec.xls
[18/04/10 09:52:45,278] --> TemplateConfig [classes=[class com.gameserver.slot.template.BonusWolfTemplate], fileName=bonusWolf.xls]
[18/04/10 09:52:45,278] --> loading template bonusWolf.xls
[18/04/10 09:52:45,284] --> TemplateConfig [classes=[class com.gameserver.slot.template.ScatterCrastalTemplate, class com.gameserver.slot.template.ScatterCrystalRewardTemplate], fileName=scatterCrystal.xls]
[18/04/10 09:52:45,284] --> loading template scatterCrystal.xls
[18/04/10 09:52:45,291] --> TemplateConfig [classes=[class com.gameserver.slot.template.BounsElephontTemplate], fileName=bonusElephant.xls]
[18/04/10 09:52:45,291] --> loading template bonusElephant.xls
[18/04/10 09:52:45,294] --> TemplateConfig [classes=[class com.gameserver.slot.template.BounsElephont1Template, class com.gameserver.slot.template.BounsElephont1RewardTemplate], fileName=bonusElephant1.xls]
[18/04/10 09:52:45,294] --> loading template bonusElephant1.xls
[18/04/10 09:52:45,300] --> TemplateConfig [classes=[class com.gameserver.slot.template.BigWildRespinTemplate], fileName=bigWildRespin.xls]
[18/04/10 09:52:45,300] --> loading template bigWildRespin.xls
[18/04/10 09:52:45,302] --> TemplateConfig [classes=[class com.gameserver.slot.template.BounsTigerTemplate, class com.gameserver.slot.template.BounsTigerRewardTemplate], fileName=bounsTiger.xls]
[18/04/10 09:52:45,302] --> loading template bounsTiger.xls
[18/04/10 09:52:45,306] --> TemplateConfig [classes=[class com.gameserver.slot.template.ScatterCowboyTemplate, class com.gameserver.slot.template.ScatterGoldTemplate], fileName=scatterCowboy.xls]
[18/04/10 09:52:45,306] --> loading template scatterCowboy.xls
[18/04/10 09:52:45,309] --> TemplateConfig [classes=[class com.gameserver.slot.template.JackpotDragonTemplate], fileName=jackpotDrong.xls]
[18/04/10 09:52:45,309] --> loading template jackpotDrong.xls
[18/04/10 09:52:45,312] --> TemplateConfig [classes=[class com.gameserver.slot.template.BonusNinjaTemplate, class com.gameserver.slot.template.BonusNinjaRewardTemplate], fileName=bounsNinja.xls]
[18/04/10 09:52:45,312] --> loading template bounsNinja.xls
[18/04/10 09:52:45,316] --> TemplateConfig [classes=[class com.gameserver.slot.template.BounsRhinoTemplate], fileName=bonusRhino.xls]
[18/04/10 09:52:45,316] --> loading template bonusRhino.xls
[18/04/10 09:52:45,324] --> TemplateConfig [classes=[class com.gameserver.slot.template.BonusOceanTemplate, class com.gameserver.slot.template.BonusOceanRewardTemplate, class com.gameserver.slot.template.ScatterOceanTemplate, class com.gameserver.slot.template.ScatterOceanRewardTemplate], fileName=bonusOcean.xls]
[18/04/10 09:52:45,325] --> loading template bonusOcean.xls
[18/04/10 09:52:45,328] --> TemplateConfig [classes=[class com.gameserver.slot.template.BonusHolmesTemplate, class com.gameserver.slot.template.BonusHolmesRewardTemplate], fileName=bonusHolmes.xls]
[18/04/10 09:52:45,328] --> loading template bonusHolmes.xls
[18/04/10 09:52:45,332] --> TemplateConfig [classes=[class com.gameserver.human.template.LevelGift], fileName=levelGift.xls]
[18/04/10 09:52:45,332] --> loading template levelGift.xls
[18/04/10 09:52:45,339] --> TemplateConfig [classes=[class com.gameserver.ranknew.template.ScoreListTemplate, class com.gameserver.ranknew.template.ScoreListRewardTemplate], fileName=scoreList.xls]
[18/04/10 09:52:45,340] --> loading template scoreList.xls
[18/04/10 09:52:45,348] --> TemplateConfig [classes=[class com.gameserver.recharge.template.MultipleWheel, class com.gameserver.recharge.template.WheelConditionTemplate], fileName=multipleWheel.xls]
[18/04/10 09:52:45,349] --> loading template multipleWheel.xls
[18/04/10 09:52:45,355] --> TemplateConfig [classes=[class com.gameserver.collect.template.ShavePrizeTemplate, class com.gameserver.collect.template.CardRewardTemplate], fileName=shavePrize.xls]
[18/04/10 09:52:45,355] --> loading template shavePrize.xls
[18/04/10 09:52:45,536] --> TemplateConfig [classes=[class com.gameserver.collect.template.ExchangeTemplate], fileName=exchange.xls]
[18/04/10 09:52:45,537] --> loading template exchange.xls
[18/04/10 09:52:45,541] --> TemplateConfig [classes=[class com.gameserver.slot.template.TournamentTemplate, class com.gameserver.slot.template.TournamentRankListTemplate], fileName=tournament.xls]
[18/04/10 09:52:45,541] --> loading template tournament.xls
[18/04/10 09:52:45,564] --> TemplateConfig [classes=[class com.gameserver.treasury.template.TreasuryTemplate], fileName=treasury.xls]
[18/04/10 09:52:45,564] --> loading template treasury.xls
[18/04/10 09:52:45,566] --> TemplateConfig [classes=[class com.gameserver.slot.template.BounsPirate1Template, class com.gameserver.slot.template.BounsPirate1Step1Template, class com.gameserver.slot.template.BounsPirate1Step2Template], fileName=bonusPirate1.xls]
[18/04/10 09:52:45,566] --> loading template bonusPirate1.xls
[18/04/10 09:52:45,572] --> TemplateConfig [classes=[class com.gameserver.slot.template.BounsPirate2Template, class com.gameserver.slot.template.BounsPirate2RewardTemplate], fileName=bonusPirate2.xls]
[18/04/10 09:52:45,572] --> loading template bonusPirate2.xls
[18/04/10 09:52:45,575] --> TemplateConfig [classes=[class com.gameserver.slot.template.BounsPirate3Template, class com.gameserver.slot.template.BounsPirate3RewardTemplate], fileName=bonusPirate3.xls]
[18/04/10 09:52:45,575] --> loading template bonusPirate3.xls
[18/04/10 09:52:45,581] --> TemplateConfig [classes=[class com.gameserver.human.template.CouponTemplate], fileName=coupon.xls]
[18/04/10 09:52:45,581] --> loading template coupon.xls
[18/04/10 09:52:45,584] --> TemplateConfig [classes=[class com.gameserver.slot.template.SocialitySpartaTemplate, class com.gameserver.slot.template.SocialitySpartaRewardTemplate], fileName=SocialitySparta.xls]
[18/04/10 09:52:45,584] --> loading template SocialitySparta.xls
[18/04/10 09:52:45,588] --> TemplateConfig [classes=[class com.gameserver.slot.template.BonusSpartaTemplate, class com.gameserver.slot.template.BonusSpartaRewardTemplate], fileName=bonusSparta.xls]
[18/04/10 09:52:45,588] --> loading template bonusSparta.xls
[18/04/10 09:52:45,597] --> TemplateConfig [classes=[class com.gameserver.club.template.ClubTemplate, class com.gameserver.club.template.ClubIconTemplate, class com.gameserver.club.template.ClubListTemplate], fileName=club.xls]
[18/04/10 09:52:45,597] --> loading template club.xls
[18/04/10 09:52:45,640] --> TemplateConfig [classes=[class com.gameserver.club.template.ClubRechargeTemplate], fileName=clubrecharge.xls]
[18/04/10 09:52:45,640] --> loading template clubrecharge.xls
[18/04/10 09:52:45,642] --> TemplateConfig [classes=[class com.gameserver.activity.template.WeeklyMonthlyPackTemplate], fileName=weeklyMonthlyPack.xls]
[18/04/10 09:52:45,642] --> loading template weeklyMonthlyPack.xls
[18/04/10 09:52:45,645] --> TemplateConfig [classes=[class com.gameserver.club.template.UnlockLevelTemplate], fileName=unlocklevel.xls]
[18/04/10 09:52:45,645] --> loading template unlocklevel.xls
[18/04/10 09:52:45,647] --> TemplateConfig [classes=[class com.gameserver.slot.template.BonusBrazilTemplate, class com.gameserver.slot.template.BonusBrazilBarGameTemplate, class com.gameserver.slot.template.BonusBrazilSambaStageTemplate], fileName=bonusBrazil.xls]
[18/04/10 09:52:45,647] --> loading template bonusBrazil.xls
[18/04/10 09:52:45,655] --> TemplateConfig [classes=[class com.gameserver.slot.template.BounsRedgirlTemplate, class com.gameserver.slot.template.BounsRedgirlRewardTemplate], fileName=bounsRedgirl.xls]
[18/04/10 09:52:45,655] --> loading template bounsRedgirl.xls
[18/04/10 09:52:45,658] --> TemplateConfig [classes=[class com.gameserver.slot.template.ScatterRedgirlTemplate], fileName=scatterRedgirl.xls]
[18/04/10 09:52:45,659] --> loading template scatterRedgirl.xls
[18/04/10 09:52:45,661] --> TemplateConfig [classes=[class com.gameserver.worldboss.template.BossTemplate, class com.gameserver.worldboss.template.BossPropertyTemplate, class com.gameserver.worldboss.template.BossList], fileName=worldboss.xls]
[18/04/10 09:52:45,661] --> loading template worldboss.xls
[18/04/10 09:52:45,670] --> TemplateConfig [classes=[class com.gameserver.newbie.template.NovicebootTemplate, class com.gameserver.newbie.template.NoviceSlotsTemplate, class com.gameserver.newbie.template.NoviceStepTemplate], fileName=Noviceboot.xls]
[18/04/10 09:52:45,670] --> loading template Noviceboot.xls
[18/04/10 09:52:45,681] --> TemplateConfig [classes=[class com.gameserver.slot.template.BounsHallowmasTemplate, class com.gameserver.slot.template.BounsHallowmasRewardTemplate, class com.gameserver.slot.template.BounsHallowmasJackpotTemplate], fileName=bonusHallowmas.xls]
[18/04/10 09:52:45,682] --> loading template bonusHallowmas.xls
[18/04/10 09:52:45,685] --> TemplateConfig [classes=[class com.gameserver.slot.template.WinnerWheelConfigTemplate, class com.gameserver.slot.template.WinnerWheelTemplate], fileName=Winnerwheel.xls]
[18/04/10 09:52:45,685] --> loading template Winnerwheel.xls
[18/04/10 09:52:45,689] --> TemplateConfig [classes=[class com.gameserver.gift.template.NewComerTemplate], fileName=newComer.xls]
[18/04/10 09:52:45,689] --> loading template newComer.xls
[18/04/10 09:52:45,691] --> TemplateConfig [classes=[class com.gameserver.gift.template.GiftNewTemplate], fileName=giftNew.xls]
[18/04/10 09:52:45,691] --> loading template giftNew.xls
