[18/04/13 11:42:35,474] --> 通过用户名和密码进行验证
[18/04/13 11:42:35,478] --> 开始用户认证：uerid=1699,userCode:=1523590954160,serverId=100001
[18/04/13 11:42:35,562] --> 1699>>>false>>>1699>>>head_2.pngdeviceMac: Robot_34575032
[18/04/13 11:42:35,874] --> 玩家参加角色, loginName = 
[18/04/13 11:44:52,774] --> 通过用户名和密码进行验证
[18/04/13 11:44:52,776] --> 开始用户认证：uerid=1700,userCode:=1523591091789,serverId=100001
[18/04/13 11:44:52,908] --> 1700>>>false>>>1700>>>head_8.pngdeviceMac: Robot_365525474
[18/04/13 11:44:53,189] --> 玩家参加角色, loginName = 
[18/04/13 11:47:38,539] --> 通过用户名和密码进行验证
[18/04/13 11:47:38,541] --> 开始用户认证：uerid=1701,userCode:=1523591257472,serverId=100001
[18/04/13 11:47:38,630] --> 1701>>>false>>>1701>>>head_7.pngdeviceMac: Robot_134693874
[18/04/13 11:47:39,130] --> 玩家参加角色, loginName = 
[18/04/13 17:03:08,555] --> 通过用户名和密码进行验证
[18/04/13 17:03:08,556] --> 开始用户认证：uerid=1692,userCode:=1523610187209,serverId=100001
[18/04/13 17:03:08,662] --> 1692>>>false>>>1692>>>head_3.pngdeviceMac: Robot_490203674
[18/04/13 17:04:44,568] --> 通过用户名和密码进行验证
[18/04/13 17:04:44,570] --> 开始用户认证：uerid=1692,userCode:=1523610283267,serverId=100001
[18/04/13 17:04:44,675] --> 1692>>>false>>>1692>>>head_3.pngdeviceMac: Robot_490203674
[18/04/13 17:07:19,480] --> 通过用户名和密码进行验证
[18/04/13 17:07:19,483] --> 开始用户认证：uerid=1692,userCode:=1523610437919,serverId=100001
[18/04/13 17:07:19,527] --> 1692>>>false>>>1692>>>head_3.pngdeviceMac: Robot_490203674
[18/04/13 17:16:44,009] --> 通过用户名和密码进行验证
[18/04/13 17:16:44,014] --> 开始用户认证：uerid=1692,userCode:=1523611002664,serverId=100001
[18/04/13 17:16:44,119] --> 1692>>>false>>>1692>>>head_3.pngdeviceMac: Robot_490203674
[18/04/13 17:17:12,308] --> 通过用户名和密码进行验证
[18/04/13 17:17:12,310] --> 开始用户认证：uerid=1696,userCode:=1523611032060,serverId=100001
[18/04/13 17:17:12,317] --> 1696>>>false>>>1696>>>head_11.pngdeviceMac: adfadfadf675
[18/04/13 17:18:32,211] --> 通过用户名和密码进行验证
[18/04/13 17:18:32,211] --> 开始用户认证：uerid=1696,userCode:=1523611111882,serverId=100001
[18/04/13 17:18:32,220] --> 1696>>>false>>>1696>>>head_11.pngdeviceMac: adfadfadf675
[18/04/13 17:22:00,977] --> 通过用户名和密码进行验证
[18/04/13 17:22:00,977] --> 开始用户认证：uerid=1692,userCode:=1523611319488,serverId=100001
[18/04/13 17:22:00,993] --> exist deviceMac: [Robot_490203674] will login with device: Robot_490203674
[18/04/13 17:22:00,993] --> 1692>>>false>>>1692>>>head_3.pngdeviceMac: Robot_490203674
[18/04/13 17:24:10,834] --> 通过用户名和密码进行验证
[18/04/13 17:24:10,835] --> 开始用户认证：uerid=1692,userCode:=1523611449634,serverId=100001
[18/04/13 17:24:10,843] --> exist deviceMac: [Robot_490203674] will login with device: Robot_490203674
[18/04/13 17:24:10,843] --> 1692>>>false>>>1692>>>head_3.pngdeviceMac: Robot_490203674
[18/04/13 17:25:11,325] --> 通过用户名和密码进行验证
[18/04/13 17:25:11,326] --> 开始用户认证：uerid=1407,userCode:=1523611510241,serverId=100001
[18/04/13 17:25:11,333] --> 1407>>>false>>>Guest1407>>>head_3.pngdeviceMac: Robot_173800878
[18/04/13 17:26:21,901] --> 通过用户名和密码进行验证
[18/04/13 17:26:21,901] --> 开始用户认证：uerid=1696,userCode:=1523611581589,serverId=100001
[18/04/13 17:26:21,910] --> 1696>>>false>>>1696>>>head_11.pngdeviceMac: adfadfadf675
[18/04/13 17:26:45,359] --> 通过用户名和密码进行验证
[18/04/13 17:26:45,363] --> 开始用户认证：uerid=1696,userCode:=1523611605060,serverId=100001
[18/04/13 17:26:45,397] --> 1696>>>false>>>1696>>>head_11.pngdeviceMac: adfadfadf675
[18/04/13 17:27:58,599] --> 通过用户名和密码进行验证
[18/04/13 17:27:58,599] --> 开始用户认证：uerid=1696,userCode:=1523611678455,serverId=100001
[18/04/13 17:27:58,606] --> 1696>>>false>>>1696>>>head_11.pngdeviceMac: adfadfadf675
