[18/04/17 15:36:01,040] --> Message processor thread started [Thread[MessageProcessor Thread,5,main]]
[18/04/17 15:36:01,044] --> Start connect to Game Server host: 192.168.1.41 port: 9000
[18/04/17 15:36:01,347] --> Connect success.
[18/04/17 15:36:01,380] --> GCHandshake[]507
[18/04/17 15:36:01,380] --> Message:GC_HANDSHAKE Type:507 Time:34us Total:1
[18/04/17 15:36:01,708] --> GCCheckPlayerLogin[loginId=1705,facebookId=-1,accountId=-1705,img=head_3.png,utcOffset=28800000,playerRole=2]852
[18/04/17 15:36:01,709] --> Message:GC_CHECK_PLAYER_LOGIN Type:852 Time:10us Total:2
[18/04/17 15:36:02,541] --> GCNewComerGift[openShut=0,giftType=0,leftTime=14400074,pid=58]9254
[18/04/17 15:36:02,542] --> Message:GC_NEW_COMER_GIFT Type:9254 Time:16us Total:3
[18/04/17 15:36:02,549] --> GCMonthOrWeek[mwtype=1,startOrEnd=0,leftTime=116637]6810
[18/04/17 15:36:02,549] --> Message:GC_MONTH_OR_WEEK Type:6810 Time:10us Total:4
[18/04/17 15:36:02,571] --> GCHumanDetailInfo[human=com.gameserver.human.data.HumanInfoData@41f3f751]1551
[18/04/17 15:36:02,572] --> Message:GC_HUMAN_DETAIL_INFO Type:1551 Time:9us Total:5
[18/04/17 15:36:02,576] --> GCRoleSymbolChangedLong[roleType=1,roleUUID=6391489703045661699,properties={KeyValuePair [key=504, value=10000000000000]}]1552
[18/04/17 15:36:02,577] --> GCRoleSymbolChangedLong[roleType=1,roleUUID=6391489703045661699,properties={KeyValuePair [key=504, value=9999999999999]}]1552
[18/04/17 15:36:02,578] --> Message:GC_ROLE_SYMBOL_CHANGED_LONG Type:1552 Time:1140us Total:6
[18/04/17 15:36:02,579] --> Message:GC_ROLE_SYMBOL_CHANGED_LONG Type:1552 Time:7us Total:7
[18/04/17 15:36:02,583] --> GCLoadMailList[mailKind=0,mailInfoDataList={}]3652
[18/04/17 15:36:02,584] --> GCLoadMailList[mailKind=1,mailInfoDataList={}]3652
[18/04/17 15:36:02,584] --> Message:GC_LOAD_MAIL_LIST Type:3652 Time:25us Total:8
[18/04/17 15:36:02,584] --> GCLoadMailList[mailKind=2,mailInfoDataList={}]3652
[18/04/17 15:36:02,585] --> Message:GC_LOAD_MAIL_LIST Type:3652 Time:10us Total:9
[18/04/17 15:36:02,585] --> GCLoadMailList[mailKind=3,mailInfoDataList={}]3652
[18/04/17 15:36:02,587] --> Message:GC_LOAD_MAIL_LIST Type:3652 Time:13us Total:10
[18/04/17 15:36:02,587] --> Message:GC_LOAD_MAIL_LIST Type:3652 Time:10us Total:11
[18/04/17 15:36:02,590] --> GCLoadFriendGiftList[friendGiftInfoDataList={}]4014
[18/04/17 15:36:02,590] --> Message:GC_LOAD_FRIEND_GIFT_LIST Type:4014 Time:10us Total:12
[18/04/17 15:36:02,593] --> GCLoadFriendRequestList[friendRequestInfoDataList={}]4004
[18/04/17 15:36:02,594] --> GCFunctionLeftTime[img=,leftTime=0,functionType={0}]6817
[18/04/17 15:36:02,594] --> Message:GC_LOAD_FRIEND_REQUEST_LIST Type:4004 Time:133us Total:13
[18/04/17 15:36:02,594] --> Message:GC_FUNCTION_LEFT_TIME Type:6817 Time:8us Total:14
[18/04/17 15:36:02,595] --> GCEnterScene[]856
[18/04/17 15:36:02,595] --> Message:GC_ENTER_SCENE Type:856 Time:8us Total:15
[18/04/17 15:36:12,466] --> GCHumanChangeName[name=好啊好,duplicateNum=0]1554
[18/04/17 15:36:12,468] --> Message:GC_HUMAN_CHANGE_NAME Type:1554 Time:17us Total:16
[18/04/17 15:36:12,472] --> GCMiscInfoData[humanMiscInfoData=com.gameserver.misc.data.HumanMiscInfoData@37b2eac7]5053
[18/04/17 15:36:12,475] --> Message:GC_MISC_INFO_DATA Type:5053 Time:65us Total:17
[18/04/17 15:36:12,475] --> GCSystemMessage[code=14002,showType=1]502
[18/04/17 15:36:12,475] --> Message:GC_SYSTEM_MESSAGE Type:502 Time:9us Total:18
[18/04/17 15:36:14,835] --> #CLOSED.SESSION:192.168.1.41:9000
